2026-04-26T15:03:56.278809Z  INFO quantix_cli::db::clickhouse: ClickHouse 客户端初始化: http://192.168.123.104:8123 -> quantix (user: default)
2026-04-26T15:03:58.759983Z  WARN quantix_cli::market::strength: EastMoney A股全市场快照拉取失败，开始尝试 TDX fallback: 其他错误: 获取全市场 A 股列表失败: 其他错误: curl 拉取全市场快照失败: curl: (52) Empty reply from server
2026-04-26T15:03:59.179659Z  INFO quantix_cli::sources::tdx: TDX 数据源初始化成功：3 个 TCP 连接
2026-04-26T15:03:59.179714Z  INFO quantix_cli::sources::quote_collector: 行情采集器初始化：每批 80 只股票，超时 10 秒
2026-04-26T15:03:59.179735Z  INFO quantix_cli::sources::quote_collector: 开始分批采集全市场 4430 只股票的实时行情
2026-04-26T15:03:59.179750Z  INFO quantix_cli::sources::quote_collector: 正在采集第 1/56 批（80 只股票）
2026-04-26T15:03:59.317512Z  INFO quantix_cli::sources::quote_collector: 正在采集第 2/56 批（80 只股票）
2026-04-26T15:03:59.455319Z  INFO quantix_cli::sources::quote_collector: 正在采集第 3/56 批（80 只股票）
2026-04-26T15:03:59.592211Z  INFO quantix_cli::sources::quote_collector: 正在采集第 4/56 批（80 只股票）
2026-04-26T15:03:59.732202Z  INFO quantix_cli::sources::quote_collector: 正在采集第 5/56 批（80 只股票）
2026-04-26T15:03:59.869367Z  INFO quantix_cli::sources::quote_collector: 正在采集第 6/56 批（80 只股票）
2026-04-26T15:04:00.006130Z  INFO quantix_cli::sources::quote_collector: 正在采集第 7/56 批（80 只股票）
2026-04-26T15:04:00.143841Z  INFO quantix_cli::sources::quote_collector: 正在采集第 8/56 批（80 只股票）
2026-04-26T15:04:00.281490Z  INFO quantix_cli::sources::quote_collector: 正在采集第 9/56 批（80 只股票）
2026-04-26T15:04:00.419331Z  INFO quantix_cli::sources::quote_collector: 正在采集第 10/56 批（80 只股票）
⚠️  行情数据不完整，只解析了 79/80 只股票
2026-04-26T15:04:00.556839Z  INFO quantix_cli::sources::quote_collector: 正在采集第 11/56 批（80 只股票）
2026-04-26T15:04:00.694323Z  INFO quantix_cli::sources::quote_collector: 正在采集第 12/56 批（80 只股票）
2026-04-26T15:04:00.832325Z  INFO quantix_cli::sources::quote_collector: 正在采集第 13/56 批（80 只股票）
2026-04-26T15:04:00.970000Z  INFO quantix_cli::sources::quote_collector: 正在采集第 14/56 批（80 只股票）
2026-04-26T15:04:01.107532Z  INFO quantix_cli::sources::quote_collector: 正在采集第 15/56 批（80 只股票）
2026-04-26T15:04:01.245563Z  INFO quantix_cli::sources::quote_collector: 正在采集第 16/56 批（80 只股票）
2026-04-26T15:04:01.384010Z  INFO quantix_cli::sources::quote_collector: 正在采集第 17/56 批（80 只股票）
2026-04-26T15:04:01.521426Z  INFO quantix_cli::sources::quote_collector: 正在采集第 18/56 批（80 只股票）
2026-04-26T15:04:01.659983Z  INFO quantix_cli::sources::quote_collector: 正在采集第 19/56 批（80 只股票）
2026-04-26T15:04:01.847525Z  INFO quantix_cli::sources::quote_collector: 正在采集第 20/56 批（80 只股票）
2026-04-26T15:04:01.985371Z  INFO quantix_cli::sources::quote_collector: 正在采集第 21/56 批（80 只股票）
2026-04-26T15:04:02.123694Z  INFO quantix_cli::sources::quote_collector: 正在采集第 22/56 批（80 只股票）
2026-04-26T15:04:02.260210Z  INFO quantix_cli::sources::quote_collector: 正在采集第 23/56 批（80 只股票）
2026-04-26T15:04:02.398002Z  INFO quantix_cli::sources::quote_collector: 正在采集第 24/56 批（80 只股票）
2026-04-26T15:04:02.535119Z  INFO quantix_cli::sources::quote_collector: 正在采集第 25/56 批（80 只股票）
2026-04-26T15:04:02.672489Z  INFO quantix_cli::sources::quote_collector: 正在采集第 26/56 批（80 只股票）
2026-04-26T15:04:02.809849Z  INFO quantix_cli::sources::quote_collector: 正在采集第 27/56 批（80 只股票）
2026-04-26T15:04:02.947847Z  INFO quantix_cli::sources::quote_collector: 正在采集第 28/56 批（80 只股票）
2026-04-26T15:04:03.085060Z  INFO quantix_cli::sources::quote_collector: 正在采集第 29/56 批（80 只股票）
2026-04-26T15:04:03.221232Z  INFO quantix_cli::sources::quote_collector: 正在采集第 30/56 批（80 只股票）
⚠️  行情数据不完整，只解析了 79/80 只股票
2026-04-26T15:04:03.359482Z  INFO quantix_cli::sources::quote_collector: 正在采集第 31/56 批（80 只股票）
2026-04-26T15:04:03.497574Z  INFO quantix_cli::sources::quote_collector: 正在采集第 32/56 批（80 只股票）
2026-04-26T15:04:03.634136Z  INFO quantix_cli::sources::quote_collector: 正在采集第 33/56 批（80 只股票）
2026-04-26T15:04:03.777314Z  INFO quantix_cli::sources::quote_collector: 正在采集第 34/56 批（80 只股票）
⚠️  行情数据不完整，只解析了 79/80 只股票
2026-04-26T15:04:03.961631Z  INFO quantix_cli::sources::quote_collector: 正在采集第 35/56 批（80 只股票）
2026-04-26T15:04:04.098220Z  INFO quantix_cli::sources::quote_collector: 正在采集第 36/56 批（80 只股票）
2026-04-26T15:04:04.236671Z  INFO quantix_cli::sources::quote_collector: 正在采集第 37/56 批（80 只股票）
2026-04-26T15:04:04.373319Z  INFO quantix_cli::sources::quote_collector: 正在采集第 38/56 批（80 只股票）
2026-04-26T15:04:04.510580Z  INFO quantix_cli::sources::quote_collector: 正在采集第 39/56 批（80 只股票）
⚠️  行情数据不完整，只解析了 79/80 只股票
2026-04-26T15:04:04.648187Z  INFO quantix_cli::sources::quote_collector: 正在采集第 40/56 批（80 只股票）
2026-04-26T15:04:04.785331Z  INFO quantix_cli::sources::quote_collector: 正在采集第 41/56 批（80 只股票）
2026-04-26T15:04:04.923208Z  INFO quantix_cli::sources::quote_collector: 正在采集第 42/56 批（80 只股票）
2026-04-26T15:04:05.061675Z  INFO quantix_cli::sources::quote_collector: 正在采集第 43/56 批（80 只股票）
2026-04-26T15:04:05.199646Z  INFO quantix_cli::sources::quote_collector: 正在采集第 44/56 批（80 只股票）
2026-04-26T15:04:05.337239Z  INFO quantix_cli::sources::quote_collector: 正在采集第 45/56 批（80 只股票）
2026-04-26T15:04:05.476992Z  INFO quantix_cli::sources::quote_collector: 正在采集第 46/56 批（80 只股票）
2026-04-26T15:04:05.615016Z  INFO quantix_cli::sources::quote_collector: 正在采集第 47/56 批（80 只股票）
2026-04-26T15:04:05.753700Z  INFO quantix_cli::sources::quote_collector: 正在采集第 48/56 批（80 只股票）
2026-04-26T15:04:05.891004Z  INFO quantix_cli::sources::quote_collector: 正在采集第 49/56 批（80 只股票）
2026-04-26T15:04:06.076579Z  INFO quantix_cli::sources::quote_collector: 正在采集第 50/56 批（80 只股票）
2026-04-26T15:04:06.213718Z  INFO quantix_cli::sources::quote_collector: 正在采集第 51/56 批（80 只股票）
2026-04-26T15:04:06.351622Z  INFO quantix_cli::sources::quote_collector: 正在采集第 52/56 批（80 只股票）
⚠️  行情数据不完整，只解析了 79/80 只股票
2026-04-26T15:04:06.489360Z  INFO quantix_cli::sources::quote_collector: 正在采集第 53/56 批（80 只股票）
2026-04-26T15:04:06.626464Z  INFO quantix_cli::sources::quote_collector: 正在采集第 54/56 批（80 只股票）
2026-04-26T15:04:06.764382Z  INFO quantix_cli::sources::quote_collector: 正在采集第 55/56 批（80 只股票）
2026-04-26T15:04:06.901841Z  INFO quantix_cli::sources::quote_collector: 正在采集第 56/56 批（30 只股票）
2026-04-26T15:04:06.937306Z  INFO quantix_cli::sources::quote_collector: 全市场行情采集完成：共获取 4425 只股票的行情数据
2026-04-26T15:04:06.938768Z  WARN quantix_cli::market::strength: TDX fallback 仅返回部分 A 股实时行情: 4229/4430
2026-04-26T15:04:07.093970Z  INFO quantix_cli::db::clickhouse: ClickHouse 客户端初始化: http://192.168.123.104:8123 -> quantix (user: default)
2026-04-26T15:04:07.207322Z  WARN quantix_cli::market::strength: 市场基础面本地表查询失败，开始尝试 EastMoney 单股基本面 fallback: 数据库查询失败: Query failed (404 Not Found): Code: 60. DB::Exception: Unknown table expression identifier 'market_fundamentals_daily' in scope SELECT code, max(snapshot_date) AS snapshot_date, argMax(market_cap, snapshot_date) AS market_cap, argMax(latest_report_profit, snapshot_date) AS latest_report_profit, argMax(profit_source, snapshot_date) AS profit_source, argMax(pe_dynamic, snapshot_date) AS pe_dynamic, formatDateTime(max(updated_at), '%F %T') AS updated_at FROM market_fundamentals_daily WHERE (code IN ('000027', '000037', '000088', '000089', '000099', '000155', '000156', '000407', '000421', '000429', '000507', '000520', '000529', '000531', '000539', '000543', '000548', '000557', '000582', '000591', '000593', '000600', '000601', '000607', '000626', '000665', '000669', '000676', '000681', '000690', '000692', '000719', '000722', '000755', '000767', '000791', '000793', '000802', '000803', '000828', '000862', '000875', '000883', '000885', '000886', '000892', '000899', '000900', '000905', '000906', '000917', '000958', '000966', '000993', '001202', '001205', '001210', '001872', '001896', '001965', '002010', '002015', '002027', '002039', '002040', '002095', '002103', '002120', '002131', '002137', '002168', '002174', '002181', '002183', '002188', '002210', '002238', '002247', '002256', '002259', '002267', '002291', '002292', '002320', '002343', '002352', '002354', '002357', '002400', '002425', '002445', '002468', '002479', '002492', '002517', '002555', '002558', '002591', '002602', '002608', '002616', '002617', '002624', '002627', '002682', '002700', '002712', '002739', '002769', '002800', '002889', '002893', '002905', '002911', '002928', '002930', '002995', '003035', '003816', '300002', '300013', '300027', '300031', '300043', '300051', '300052', '300058', '300061', '300063', '300071', '300113', '300125', '300133', '300139', '300148', '300182', '300240', '300242', '300251', '300269', '300291', '300295', '300299', '300315', '300317', '300332', '300335', '300343', '300350', '300364', '300413', '300418', '300426', '300435', '300459', '300467', '300483', '300494', '300518', '300528', '300533', '300612', '300654', '300766', '300770', '300781', '300785', '300788', '300805', '300873', '300987', '301025', '600004', '600009', '600011', '600012', '600017', '600018', '600020', '600021', '600023', '600025', '600026', '600027', '600029', '600032', '600033', '600035', '600037', '600052', '600057', '600088', '600098', '600101', '600106', '600115', '600116', '600119', '600125', '600149', '600153', '600163', '600167', '600179', '600180', '600221', '600226', '600229', '600233', '600236', '600269', '600279', '600310', '600333', '600350', '600358', '600368', '600373', '600377', '600396', '600428', '600452', '600483', '600505', '600509', '600548', '600551', '600556', '600561', '600575', '600576', '600578', '600611', '600617', '600633', '600635', '600637', '600640', '600642', '600644', '600650', '600662', '600674', '600681', '600704', '600715', '600717', '600719', '600726', '600744', '600753', '600755', '600757', '600780', '600787', '600794', '600795', '600798', '600803', '600825', '600831', '600834', '600863', '600868', '600886', '600892', '600897', '600900', '600903', '600905', '600917', '600936', '600956', '600959', '600969', '600977', '600979', '600982', '600986', '600995', '600996', '601000', '601006', '601008', '601016', '601018', '601019', '601021', '601098', '601107', '601111', '601139', '601156', '601188', '601222', '601228', '601298', '601326', '601333', '601518', '601595', '601598', '601619', '601778', '601801', '601811', '601816', '601858', '601866', '601872', '601880', '601900', '601908', '601919', '601921', '601928', '601929', '601949', '601975', '601985', '601991', '601999', '603000', '603032', '603053', '603066', '603069', '603080', '603096', '603103', '603105', '603117', '603128', '603167', '603223', '603258', '603318', '603329', '603393', '603444', '603533', '603535', '603565', '603569', '603598', '603648', '603689', '603693', '603706', '603713', '603721', '603729', '603813', '603825', '603836', '603871', '603885', '603888', '603967', '603999', '605011', '605028', '605050', '605090', '605162', '605168', '605169', '605368')) AND (snapshot_date <= '2026-03-09') GROUP BY code. (UNKNOWN_TABLE) (version 26.2.4.23 (official build))

== 强弱板块分析 ==
基础数据: A股=4229 行业覆盖=4229 未覆盖=0
强势板块候选股数: 368
基本面覆盖: 市值=0/368 利润=0/368
基本面抓取异常: 市值请求失败=368 利润请求失败=368

强势板块:
排名       代码           板块               涨跌幅
--------------------------------------------------------
1        derived:交通运输 交通运输             0.00%
2        derived:传媒   传媒               0.00%
3        derived:公用事业 公用事业             0.00%

弱势板块:
排名       代码           板块               涨跌幅
--------------------------------------------------------
1        derived:交通运输 交通运输             0.00%
2        derived:传媒   传媒               0.00%
3        derived:公用事业 公用事业             0.00%

强势板块个股 Top0 总市值:
📭 没有可展示的个股数据

强势板块个股 Top0 推算净利润:
📭 没有可展示的个股数据
