2026-04-28T06:44:16.988683Z  INFO quantix_cli::db::clickhouse: ClickHouse 客户端初始化: http://192.168.123.104:8123 -> quantix (user: default)
2026-04-28T06:44:17.037719Z  INFO quantix_cli::market::strength: QUANTIX_MARKET_SNAPSHOT_SOURCE=tdx，跳过 EastMoney A股全市场快照，直接使用 TDX
2026-04-28T06:44:17.503884Z  INFO quantix_cli::sources::tdx: TDX 数据源初始化成功：3 个 TCP 连接
2026-04-28T06:44:17.503950Z  INFO quantix_cli::sources::quote_collector: 行情采集器初始化：每批 40 只股票，超时 10 秒
2026-04-28T06:44:17.503966Z  INFO quantix_cli::sources::quote_collector: 开始分批采集全市场 4430 只股票的实时行情
2026-04-28T06:44:17.503984Z  INFO quantix_cli::sources::quote_collector: 正在采集第 1/111 批（40 只股票）
2026-04-28T06:44:17.643205Z  INFO quantix_cli::sources::quote_collector: 正在采集第 2/111 批（40 只股票）
2026-04-28T06:44:17.782737Z  INFO quantix_cli::sources::quote_collector: 正在采集第 3/111 批（40 只股票）
2026-04-28T06:44:17.918640Z  INFO quantix_cli::sources::quote_collector: 正在采集第 4/111 批（40 只股票）
2026-04-28T06:44:18.058907Z  INFO quantix_cli::sources::quote_collector: 正在采集第 5/111 批（40 只股票）
2026-04-28T06:44:18.197173Z  INFO quantix_cli::sources::quote_collector: 正在采集第 6/111 批（40 只股票）
2026-04-28T06:44:18.332621Z  INFO quantix_cli::sources::quote_collector: 正在采集第 7/111 批（40 只股票）
2026-04-28T06:44:18.470914Z  INFO quantix_cli::sources::quote_collector: 正在采集第 8/111 批（40 只股票）
2026-04-28T06:44:18.614590Z  INFO quantix_cli::sources::quote_collector: 正在采集第 9/111 批（40 只股票）
2026-04-28T06:44:18.750056Z  INFO quantix_cli::sources::quote_collector: 正在采集第 10/111 批（40 只股票）
2026-04-28T06:44:18.888570Z  INFO quantix_cli::sources::quote_collector: 正在采集第 11/111 批（40 只股票）
2026-04-28T06:44:19.032234Z  INFO quantix_cli::sources::quote_collector: 正在采集第 12/111 批（40 只股票）
2026-04-28T06:44:19.167320Z  INFO quantix_cli::sources::quote_collector: 正在采集第 13/111 批（40 只股票）
2026-04-28T06:44:19.305574Z  INFO quantix_cli::sources::quote_collector: 正在采集第 14/111 批（40 只股票）
2026-04-28T06:44:19.447557Z  INFO quantix_cli::sources::quote_collector: 正在采集第 15/111 批（40 只股票）
2026-04-28T06:44:19.596184Z  INFO quantix_cli::sources::quote_collector: 正在采集第 16/111 批（40 只股票）
2026-04-28T06:44:19.739670Z  INFO quantix_cli::sources::quote_collector: 正在采集第 17/111 批（40 只股票）
2026-04-28T06:44:19.879498Z  INFO quantix_cli::sources::quote_collector: 正在采集第 18/111 批（40 只股票）
2026-04-28T06:44:20.018162Z  INFO quantix_cli::sources::quote_collector: 正在采集第 19/111 批（40 只股票）
2026-04-28T06:44:20.170372Z  INFO quantix_cli::sources::quote_collector: 正在采集第 20/111 批（40 只股票）
⚠️  行情数据不完整，只解析了 39/40 只股票
2026-04-28T06:44:20.308324Z  INFO quantix_cli::sources::quote_collector: 正在采集第 21/111 批（40 只股票）
2026-04-28T06:44:20.446981Z  INFO quantix_cli::sources::quote_collector: 正在采集第 22/111 批（40 只股票）
2026-04-28T06:44:20.585489Z  INFO quantix_cli::sources::quote_collector: 正在采集第 23/111 批（40 只股票）
2026-04-28T06:44:20.725009Z  INFO quantix_cli::sources::quote_collector: 正在采集第 24/111 批（40 只股票）
2026-04-28T06:44:20.861647Z  INFO quantix_cli::sources::quote_collector: 正在采集第 25/111 批（40 只股票）
2026-04-28T06:44:20.999239Z  INFO quantix_cli::sources::quote_collector: 正在采集第 26/111 批（40 只股票）
2026-04-28T06:44:21.138619Z  INFO quantix_cli::sources::quote_collector: 正在采集第 27/111 批（40 只股票）
2026-04-28T06:44:21.275763Z  INFO quantix_cli::sources::quote_collector: 正在采集第 28/111 批（40 只股票）
2026-04-28T06:44:21.415071Z  INFO quantix_cli::sources::quote_collector: 正在采集第 29/111 批（40 只股票）
2026-04-28T06:44:21.553948Z  INFO quantix_cli::sources::quote_collector: 正在采集第 30/111 批（40 只股票）
2026-04-28T06:44:21.713799Z  INFO quantix_cli::sources::quote_collector: 正在采集第 31/111 批（40 只股票）
2026-04-28T06:44:21.851945Z  INFO quantix_cli::sources::quote_collector: 正在采集第 32/111 批（40 只股票）
2026-04-28T06:44:21.990239Z  INFO quantix_cli::sources::quote_collector: 正在采集第 33/111 批（40 只股票）
⚠️  行情数据不完整，只解析了 39/40 只股票
2026-04-28T06:44:22.128638Z  INFO quantix_cli::sources::quote_collector: 正在采集第 34/111 批（40 只股票）
2026-04-28T06:44:22.268060Z  INFO quantix_cli::sources::quote_collector: 正在采集第 35/111 批（40 只股票）
2026-04-28T06:44:22.406958Z  INFO quantix_cli::sources::quote_collector: 正在采集第 36/111 批（40 只股票）
2026-04-28T06:44:22.541445Z  INFO quantix_cli::sources::quote_collector: 正在采集第 37/111 批（40 只股票）
2026-04-28T06:44:22.679441Z  INFO quantix_cli::sources::quote_collector: 正在采集第 38/111 批（40 只股票）
2026-04-28T06:44:22.818931Z  INFO quantix_cli::sources::quote_collector: 正在采集第 39/111 批（40 只股票）
2026-04-28T06:44:22.954658Z  INFO quantix_cli::sources::quote_collector: 正在采集第 40/111 批（40 只股票）
2026-04-28T06:44:23.092976Z  INFO quantix_cli::sources::quote_collector: 正在采集第 41/111 批（40 只股票）
2026-04-28T06:44:23.232630Z  INFO quantix_cli::sources::quote_collector: 正在采集第 42/111 批（40 只股票）
2026-04-28T06:44:23.372414Z  INFO quantix_cli::sources::quote_collector: 正在采集第 43/111 批（40 只股票）
2026-04-28T06:44:23.518155Z  INFO quantix_cli::sources::quote_collector: 正在采集第 44/111 批（40 只股票）
2026-04-28T06:44:23.656570Z  INFO quantix_cli::sources::quote_collector: 正在采集第 45/111 批（40 只股票）
2026-04-28T06:44:23.827457Z  INFO quantix_cli::sources::quote_collector: 正在采集第 46/111 批（40 只股票）
2026-04-28T06:44:23.975036Z  INFO quantix_cli::sources::quote_collector: 正在采集第 47/111 批（40 只股票）
2026-04-28T06:44:24.117502Z  INFO quantix_cli::sources::quote_collector: 正在采集第 48/111 批（40 只股票）
2026-04-28T06:44:24.254401Z  INFO quantix_cli::sources::quote_collector: 正在采集第 49/111 批（40 只股票）
2026-04-28T06:44:24.392157Z  INFO quantix_cli::sources::quote_collector: 正在采集第 50/111 批（40 只股票）
2026-04-28T06:44:24.531718Z  INFO quantix_cli::sources::quote_collector: 正在采集第 51/111 批（40 只股票）
2026-04-28T06:44:24.666710Z  INFO quantix_cli::sources::quote_collector: 正在采集第 52/111 批（40 只股票）
2026-04-28T06:44:24.805707Z  INFO quantix_cli::sources::quote_collector: 正在采集第 53/111 批（40 只股票）
2026-04-28T06:44:24.948509Z  INFO quantix_cli::sources::quote_collector: 正在采集第 54/111 批（40 只股票）
2026-04-28T06:44:25.090167Z  INFO quantix_cli::sources::quote_collector: 正在采集第 55/111 批（40 只股票）
⚠️  行情数据不完整，只解析了 39/40 只股票
2026-04-28T06:44:25.228880Z  INFO quantix_cli::sources::quote_collector: 正在采集第 56/111 批（40 只股票）
2026-04-28T06:44:25.367733Z  INFO quantix_cli::sources::quote_collector: 正在采集第 57/111 批（40 只股票）
2026-04-28T06:44:25.503150Z  INFO quantix_cli::sources::quote_collector: 正在采集第 58/111 批（40 只股票）
⚠️  行情数据不完整，只解析了 39/40 只股票
2026-04-28T06:44:25.645200Z  INFO quantix_cli::sources::quote_collector: 正在采集第 59/111 批（40 只股票）
2026-04-28T06:44:25.784704Z  INFO quantix_cli::sources::quote_collector: 正在采集第 60/111 批（40 只股票）
⚠️  行情数据不完整，只解析了 39/40 只股票
2026-04-28T06:44:25.939179Z  INFO quantix_cli::sources::quote_collector: 正在采集第 61/111 批（40 只股票）
2026-04-28T06:44:26.078053Z  INFO quantix_cli::sources::quote_collector: 正在采集第 62/111 批（40 只股票）
2026-04-28T06:44:26.217837Z  INFO quantix_cli::sources::quote_collector: 正在采集第 63/111 批（40 只股票）
2026-04-28T06:44:26.352246Z  INFO quantix_cli::sources::quote_collector: 正在采集第 64/111 批（40 只股票）
2026-04-28T06:44:26.489681Z  INFO quantix_cli::sources::quote_collector: 正在采集第 65/111 批（40 只股票）
2026-04-28T06:44:26.631897Z  INFO quantix_cli::sources::quote_collector: 正在采集第 66/111 批（40 只股票）
2026-04-28T06:44:26.768391Z  INFO quantix_cli::sources::quote_collector: 正在采集第 67/111 批（40 只股票）
2026-04-28T06:44:26.907162Z  INFO quantix_cli::sources::quote_collector: 正在采集第 68/111 批（40 只股票）
⚠️  行情数据不完整，只解析了 39/40 只股票
2026-04-28T06:44:27.046093Z  INFO quantix_cli::sources::quote_collector: 正在采集第 69/111 批（40 只股票）
2026-04-28T06:44:27.181976Z  INFO quantix_cli::sources::quote_collector: 正在采集第 70/111 批（40 只股票）
2026-04-28T06:44:27.321086Z  INFO quantix_cli::sources::quote_collector: 正在采集第 71/111 批（40 只股票）
2026-04-28T06:44:27.461029Z  INFO quantix_cli::sources::quote_collector: 正在采集第 72/111 批（40 只股票）
2026-04-28T06:44:27.595196Z  INFO quantix_cli::sources::quote_collector: 正在采集第 73/111 批（40 只股票）
2026-04-28T06:44:27.733893Z  INFO quantix_cli::sources::quote_collector: 正在采集第 74/111 批（40 只股票）
2026-04-28T06:44:27.874913Z  INFO quantix_cli::sources::quote_collector: 正在采集第 75/111 批（40 只股票）
2026-04-28T06:44:28.046648Z  INFO quantix_cli::sources::quote_collector: 正在采集第 76/111 批（40 只股票）
2026-04-28T06:44:28.185242Z  INFO quantix_cli::sources::quote_collector: 正在采集第 77/111 批（40 只股票）
2026-04-28T06:44:28.323237Z  INFO quantix_cli::sources::quote_collector: 正在采集第 78/111 批（40 只股票）
⚠️  行情数据不完整，只解析了 39/40 只股票
2026-04-28T06:44:28.458984Z  INFO quantix_cli::sources::quote_collector: 正在采集第 79/111 批（40 只股票）
2026-04-28T06:44:28.597080Z  INFO quantix_cli::sources::quote_collector: 正在采集第 80/111 批（40 只股票）
2026-04-28T06:44:28.735367Z  INFO quantix_cli::sources::quote_collector: 正在采集第 81/111 批（40 只股票）
2026-04-28T06:44:28.870860Z  INFO quantix_cli::sources::quote_collector: 正在采集第 82/111 批（40 只股票）
2026-04-28T06:44:29.008253Z  INFO quantix_cli::sources::quote_collector: 正在采集第 83/111 批（40 只股票）
2026-04-28T06:44:29.147103Z  INFO quantix_cli::sources::quote_collector: 正在采集第 84/111 批（40 只股票）
2026-04-28T06:44:29.283820Z  INFO quantix_cli::sources::quote_collector: 正在采集第 85/111 批（40 只股票）
2026-04-28T06:44:29.422400Z  INFO quantix_cli::sources::quote_collector: 正在采集第 86/111 批（40 只股票）
2026-04-28T06:44:29.561956Z  INFO quantix_cli::sources::quote_collector: 正在采集第 87/111 批（40 只股票）
2026-04-28T06:44:29.698651Z  INFO quantix_cli::sources::quote_collector: 正在采集第 88/111 批（40 只股票）
⚠️  行情数据不完整，只解析了 39/40 只股票
2026-04-28T06:44:29.839056Z  INFO quantix_cli::sources::quote_collector: 正在采集第 89/111 批（40 只股票）
2026-04-28T06:44:29.978826Z  INFO quantix_cli::sources::quote_collector: 正在采集第 90/111 批（40 只股票）
2026-04-28T06:44:30.143618Z  INFO quantix_cli::sources::quote_collector: 正在采集第 91/111 批（40 只股票）
2026-04-28T06:44:30.283307Z  INFO quantix_cli::sources::quote_collector: 正在采集第 92/111 批（40 只股票）
2026-04-28T06:44:30.427389Z  INFO quantix_cli::sources::quote_collector: 正在采集第 93/111 批（40 只股票）
2026-04-28T06:44:30.563114Z  INFO quantix_cli::sources::quote_collector: 正在采集第 94/111 批（40 只股票）
2026-04-28T06:44:30.700629Z  INFO quantix_cli::sources::quote_collector: 正在采集第 95/111 批（40 只股票）
2026-04-28T06:44:30.839748Z  INFO quantix_cli::sources::quote_collector: 正在采集第 96/111 批（40 只股票）
2026-04-28T06:44:30.975204Z  INFO quantix_cli::sources::quote_collector: 正在采集第 97/111 批（40 只股票）
2026-04-28T06:44:31.115112Z  INFO quantix_cli::sources::quote_collector: 正在采集第 98/111 批（40 只股票）
⚠️  行情数据不完整，只解析了 39/40 只股票
2026-04-28T06:44:31.254583Z  INFO quantix_cli::sources::quote_collector: 正在采集第 99/111 批（40 只股票）
2026-04-28T06:44:31.390642Z  INFO quantix_cli::sources::quote_collector: 正在采集第 100/111 批（40 只股票）
2026-04-28T06:44:31.529241Z  INFO quantix_cli::sources::quote_collector: 正在采集第 101/111 批（40 只股票）
2026-04-28T06:44:31.667968Z  INFO quantix_cli::sources::quote_collector: 正在采集第 102/111 批（40 只股票）
2026-04-28T06:44:31.804630Z  INFO quantix_cli::sources::quote_collector: 正在采集第 103/111 批（40 只股票）
2026-04-28T06:44:31.942953Z  INFO quantix_cli::sources::quote_collector: 正在采集第 104/111 批（40 只股票）
⚠️  行情数据不完整，只解析了 39/40 只股票
2026-04-28T06:44:32.083046Z  INFO quantix_cli::sources::quote_collector: 正在采集第 105/111 批（40 只股票）
⚠️  行情数据不完整，只解析了 39/40 只股票
2026-04-28T06:44:32.242787Z  INFO quantix_cli::sources::quote_collector: 正在采集第 106/111 批（40 只股票）
2026-04-28T06:44:32.384152Z  INFO quantix_cli::sources::quote_collector: 正在采集第 107/111 批（40 只股票）
2026-04-28T06:44:32.524417Z  INFO quantix_cli::sources::quote_collector: 正在采集第 108/111 批（40 只股票）
2026-04-28T06:44:32.659274Z  INFO quantix_cli::sources::quote_collector: 正在采集第 109/111 批（40 只股票）
2026-04-28T06:44:32.800808Z  INFO quantix_cli::sources::quote_collector: 正在采集第 110/111 批（40 只股票）
2026-04-28T06:44:32.940726Z  INFO quantix_cli::sources::quote_collector: 正在采集第 111/111 批（30 只股票）
2026-04-28T06:44:32.974411Z  INFO quantix_cli::sources::quote_collector: 全市场行情采集完成：共获取 4419 只股票的行情数据
2026-04-28T06:44:32.976033Z  WARN quantix_cli::market::strength: TDX fallback 仅返回部分 A 股实时行情: 4210/4430
2026-04-28T06:44:33.122135Z  INFO quantix_cli::db::clickhouse: ClickHouse 客户端初始化: http://192.168.123.104:8123 -> quantix (user: default)
2026-04-28T06:44:33.283067Z  WARN quantix_cli::market::strength: 市场基础面本地表缺失，跳过 EastMoney 单股基本面 fallback: 数据库查询失败: Query failed (404 Not Found): Code: 60. DB::Exception: Unknown table expression identifier 'market_fundamentals_daily' in scope SELECT code, max(snapshot_date) AS snapshot_date, argMax(market_cap, snapshot_date) AS market_cap, argMax(latest_report_profit, snapshot_date) AS latest_report_profit, argMax(profit_source, snapshot_date) AS profit_source, argMax(pe_dynamic, snapshot_date) AS pe_dynamic, formatDateTime(max(updated_at), '%F %T') AS updated_at FROM market_fundamentals_daily WHERE (code IN ('000027', '000037', '000059', '000096', '000155', '000159', '000301', '000407', '000421', '000531', '000539', '000543', '000552', '000554', '000571', '000591', '000593', '000600', '000601', '000637', '000669', '000690', '000692', '000698', '000703', '000722', '000723', '000767', '000791', '000803', '000819', '000862', '000875', '000883', '000899', '000937', '000958', '000966', '000968', '000983', '000985', '000993', '001210', '001896', '002015', '002039', '002128', '002221', '002256', '002259', '002267', '002408', '002476', '002479', '002493', '002554', '002608', '002616', '002617', '002629', '002648', '002700', '002778', '002828', '002893', '002911', '002986', '003035', '003816', '300125', '300135', '300139', '300157', '300164', '300191', '300317', '300332', '300335', '300435', '300483', '300839', '600011', '600021', '600023', '600025', '600027', '600028', '600032', '600098', '600101', '600116', '600121', '600123', '600149', '600157', '600163', '600167', '600188', '600236', '600256', '600310', '600333', '600339', '600346', '600348', '600395', '600396', '600397', '600403', '600408', '600452', '600483', '600505', '600508', '600509', '600546', '600578', '600583', '600617', '600635', '600642', '600644', '600674', '600681', '600688', '600719', '600725', '600726', '600740', '600744', '600758', '600777', '600780', '600792', '600795', '600800', '600803', '600863', '600868', '600871', '600886', '600900', '600903', '600905', '600917', '600956', '600968', '600969', '600971', '600979', '600982', '600985', '600995', '600997', '601001', '601011', '601015', '601016', '601088', '601101', '601139', '601222', '601225', '601233', '601619', '601666', '601699', '601778', '601808', '601857', '601898', '601908', '601918', '601985', '601991', '603053', '603080', '603105', '603113', '603318', '603353', '603393', '603619', '603689', '603693', '603706', '603727', '603798', '605011', '605028', '605090', '605162', '605169', '605368')) AND (snapshot_date <= '2026-03-14') GROUP BY code. (UNKNOWN_TABLE) (version 26.2.4.23 (official build))

== 强弱板块分析 ==
基础数据: A股=4210 行业覆盖=4210 未覆盖=0
强势板块候选股数: 194
基本面覆盖: 市值=0/194 利润=0/194

强势板块:
排名       代码           板块               涨跌幅
--------------------------------------------------------
1        derived:煤炭   煤炭               2.43%
2        derived:石油石化 石油石化             1.21%
3        derived:公用事业 公用事业             0.92%

弱势板块:
排名       代码           板块               涨跌幅
--------------------------------------------------------
31       derived:计算机  计算机              -2.40%
30       derived:社会服务 社会服务             -2.23%
29       derived:国防军工 国防军工             -2.12%

强势板块个股 Top0 总市值:
📭 没有可展示的个股数据

强势板块个股 Top0 推算净利润:
📭 没有可展示的个股数据
