2026-04-28T05:19:06.498818Z  INFO quantix_cli::db::clickhouse: ClickHouse 客户端初始化: http://192.168.123.104:8123 -> quantix (user: default)
2026-04-28T05:19:09.099829Z  WARN quantix_cli::market::strength: EastMoney A股全市场快照拉取失败，开始尝试 TDX fallback: 其他错误: 获取全市场 A 股列表失败: 其他错误: curl 拉取全市场快照失败: curl: (52) Empty reply from server
2026-04-28T05:19:09.542170Z  INFO quantix_cli::sources::tdx: TDX 数据源初始化成功：3 个 TCP 连接
2026-04-28T05:19:09.542223Z  INFO quantix_cli::sources::quote_collector: 行情采集器初始化：每批 40 只股票，超时 10 秒
2026-04-28T05:19:09.542238Z  INFO quantix_cli::sources::quote_collector: 开始分批采集全市场 4430 只股票的实时行情
2026-04-28T05:19:09.542254Z  INFO quantix_cli::sources::quote_collector: 正在采集第 1/111 批（40 只股票）
2026-04-28T05:19:09.746738Z  INFO quantix_cli::sources::quote_collector: 正在采集第 2/111 批（40 只股票）
2026-04-28T05:19:09.883799Z  INFO quantix_cli::sources::quote_collector: 正在采集第 3/111 批（40 只股票）
2026-04-28T05:19:10.024313Z  INFO quantix_cli::sources::quote_collector: 正在采集第 4/111 批（40 只股票）
2026-04-28T05:19:10.163890Z  INFO quantix_cli::sources::quote_collector: 正在采集第 5/111 批（40 只股票）
2026-04-28T05:19:10.300773Z  INFO quantix_cli::sources::quote_collector: 正在采集第 6/111 批（40 只股票）
2026-04-28T05:19:10.435819Z  INFO quantix_cli::sources::quote_collector: 正在采集第 7/111 批（40 只股票）
2026-04-28T05:19:10.575512Z  INFO quantix_cli::sources::quote_collector: 正在采集第 8/111 批（40 只股票）
2026-04-28T05:19:10.714560Z  INFO quantix_cli::sources::quote_collector: 正在采集第 9/111 批（40 只股票）
2026-04-28T05:19:10.852072Z  INFO quantix_cli::sources::quote_collector: 正在采集第 10/111 批（40 只股票）
2026-04-28T05:19:10.992555Z  INFO quantix_cli::sources::quote_collector: 正在采集第 11/111 批（40 只股票）
2026-04-28T05:19:11.172095Z  INFO quantix_cli::sources::quote_collector: 正在采集第 12/111 批（40 只股票）
2026-04-28T05:19:11.307982Z  INFO quantix_cli::sources::quote_collector: 正在采集第 13/111 批（40 只股票）
2026-04-28T05:19:11.453095Z  INFO quantix_cli::sources::quote_collector: 正在采集第 14/111 批（40 只股票）
2026-04-28T05:19:11.603274Z  INFO quantix_cli::sources::quote_collector: 正在采集第 15/111 批（40 只股票）
2026-04-28T05:19:11.738457Z  INFO quantix_cli::sources::quote_collector: 正在采集第 16/111 批（40 只股票）
2026-04-28T05:19:11.879001Z  INFO quantix_cli::sources::quote_collector: 正在采集第 17/111 批（40 只股票）
2026-04-28T05:19:12.016119Z  INFO quantix_cli::sources::quote_collector: 正在采集第 18/111 批（40 只股票）
2026-04-28T05:19:12.151557Z  INFO quantix_cli::sources::quote_collector: 正在采集第 19/111 批（40 只股票）
2026-04-28T05:19:12.290737Z  INFO quantix_cli::sources::quote_collector: 正在采集第 20/111 批（40 只股票）
⚠️  行情数据不完整，只解析了 39/40 只股票
2026-04-28T05:19:12.428016Z  INFO quantix_cli::sources::quote_collector: 正在采集第 21/111 批（40 只股票）
2026-04-28T05:19:12.563188Z  INFO quantix_cli::sources::quote_collector: 正在采集第 22/111 批（40 只股票）
2026-04-28T05:19:12.703064Z  INFO quantix_cli::sources::quote_collector: 正在采集第 23/111 批（40 只股票）
2026-04-28T05:19:12.844022Z  INFO quantix_cli::sources::quote_collector: 正在采集第 24/111 批（40 只股票）
2026-04-28T05:19:12.978423Z  INFO quantix_cli::sources::quote_collector: 正在采集第 25/111 批（40 只股票）
2026-04-28T05:19:13.116648Z  INFO quantix_cli::sources::quote_collector: 正在采集第 26/111 批（40 只股票）
2026-04-28T05:19:13.283873Z  INFO quantix_cli::sources::quote_collector: 正在采集第 27/111 批（40 只股票）
2026-04-28T05:19:13.418975Z  INFO quantix_cli::sources::quote_collector: 正在采集第 28/111 批（40 只股票）
2026-04-28T05:19:13.560410Z  INFO quantix_cli::sources::quote_collector: 正在采集第 29/111 批（40 只股票）
2026-04-28T05:19:13.699303Z  INFO quantix_cli::sources::quote_collector: 正在采集第 30/111 批（40 只股票）
2026-04-28T05:19:13.835634Z  INFO quantix_cli::sources::quote_collector: 正在采集第 31/111 批（40 只股票）
2026-04-28T05:19:13.975013Z  INFO quantix_cli::sources::quote_collector: 正在采集第 32/111 批（40 只股票）
2026-04-28T05:19:14.114381Z  INFO quantix_cli::sources::quote_collector: 正在采集第 33/111 批（40 只股票）
2026-04-28T05:19:14.249962Z  INFO quantix_cli::sources::quote_collector: 正在采集第 34/111 批（40 只股票）
2026-04-28T05:19:14.389184Z  INFO quantix_cli::sources::quote_collector: 正在采集第 35/111 批（40 只股票）
2026-04-28T05:19:14.527201Z  INFO quantix_cli::sources::quote_collector: 正在采集第 36/111 批（40 只股票）
2026-04-28T05:19:14.664286Z  INFO quantix_cli::sources::quote_collector: 正在采集第 37/111 批（40 只股票）
2026-04-28T05:19:14.805510Z  INFO quantix_cli::sources::quote_collector: 正在采集第 38/111 批（40 只股票）
2026-04-28T05:19:14.942525Z  INFO quantix_cli::sources::quote_collector: 正在采集第 39/111 批（40 只股票）
2026-04-28T05:19:15.077967Z  INFO quantix_cli::sources::quote_collector: 正在采集第 40/111 批（40 只股票）
2026-04-28T05:19:15.221018Z  INFO quantix_cli::sources::quote_collector: 正在采集第 41/111 批（40 只股票）
2026-04-28T05:19:15.396168Z  INFO quantix_cli::sources::quote_collector: 正在采集第 42/111 批（40 只股票）
2026-04-28T05:19:15.530468Z  INFO quantix_cli::sources::quote_collector: 正在采集第 43/111 批（40 只股票）
2026-04-28T05:19:15.670112Z  INFO quantix_cli::sources::quote_collector: 正在采集第 44/111 批（40 只股票）
2026-04-28T05:19:15.807248Z  INFO quantix_cli::sources::quote_collector: 正在采集第 45/111 批（40 只股票）
2026-04-28T05:19:15.942447Z  INFO quantix_cli::sources::quote_collector: 正在采集第 46/111 批（40 只股票）
2026-04-28T05:19:16.085081Z  INFO quantix_cli::sources::quote_collector: 正在采集第 47/111 批（40 只股票）
2026-04-28T05:19:16.222049Z  INFO quantix_cli::sources::quote_collector: 正在采集第 48/111 批（40 只股票）
2026-04-28T05:19:16.358182Z  INFO quantix_cli::sources::quote_collector: 正在采集第 49/111 批（40 只股票）
2026-04-28T05:19:16.498767Z  INFO quantix_cli::sources::quote_collector: 正在采集第 50/111 批（40 只股票）
2026-04-28T05:19:16.634780Z  INFO quantix_cli::sources::quote_collector: 正在采集第 51/111 批（40 只股票）
2026-04-28T05:19:16.770148Z  INFO quantix_cli::sources::quote_collector: 正在采集第 52/111 批（40 只股票）
2026-04-28T05:19:16.910352Z  INFO quantix_cli::sources::quote_collector: 正在采集第 53/111 批（40 只股票）
2026-04-28T05:19:17.046673Z  INFO quantix_cli::sources::quote_collector: 正在采集第 54/111 批（40 只股票）
2026-04-28T05:19:17.182275Z  INFO quantix_cli::sources::quote_collector: 正在采集第 55/111 批（40 只股票）
⚠️  行情数据不完整，只解析了 39/40 只股票
2026-04-28T05:19:17.320563Z  INFO quantix_cli::sources::quote_collector: 正在采集第 56/111 批（40 只股票）
2026-04-28T05:19:17.460774Z  INFO quantix_cli::sources::quote_collector: 正在采集第 57/111 批（40 只股票）
2026-04-28T05:19:17.599737Z  INFO quantix_cli::sources::quote_collector: 正在采集第 58/111 批（40 只股票）
⚠️  行情数据不完整，只解析了 39/40 只股票
2026-04-28T05:19:17.742015Z  INFO quantix_cli::sources::quote_collector: 正在采集第 59/111 批（40 只股票）
2026-04-28T05:19:17.878890Z  INFO quantix_cli::sources::quote_collector: 正在采集第 60/111 批（40 只股票）
2026-04-28T05:19:18.014502Z  INFO quantix_cli::sources::quote_collector: 正在采集第 61/111 批（40 只股票）
2026-04-28T05:19:18.154928Z  INFO quantix_cli::sources::quote_collector: 正在采集第 62/111 批（40 只股票）
2026-04-28T05:19:18.290651Z  INFO quantix_cli::sources::quote_collector: 正在采集第 63/111 批（40 只股票）
2026-04-28T05:19:18.425541Z  INFO quantix_cli::sources::quote_collector: 正在采集第 64/111 批（40 只股票）
2026-04-28T05:19:18.570743Z  INFO quantix_cli::sources::quote_collector: 正在采集第 65/111 批（40 只股票）
2026-04-28T05:19:18.709338Z  INFO quantix_cli::sources::quote_collector: 正在采集第 66/111 批（40 只股票）
2026-04-28T05:19:18.846408Z  INFO quantix_cli::sources::quote_collector: 正在采集第 67/111 批（40 只股票）
2026-04-28T05:19:18.987326Z  INFO quantix_cli::sources::quote_collector: 正在采集第 68/111 批（40 只股票）
⚠️  行情数据不完整，只解析了 39/40 只股票
2026-04-28T05:19:19.123874Z  INFO quantix_cli::sources::quote_collector: 正在采集第 69/111 批（40 只股票）
2026-04-28T05:19:19.258402Z  INFO quantix_cli::sources::quote_collector: 正在采集第 70/111 批（40 只股票）
2026-04-28T05:19:19.398596Z  INFO quantix_cli::sources::quote_collector: 正在采集第 71/111 批（40 只股票）
2026-04-28T05:19:19.548469Z  INFO quantix_cli::sources::quote_collector: 正在采集第 72/111 批（40 只股票）
2026-04-28T05:19:19.682619Z  INFO quantix_cli::sources::quote_collector: 正在采集第 73/111 批（40 只股票）
2026-04-28T05:19:19.822226Z  INFO quantix_cli::sources::quote_collector: 正在采集第 74/111 批（40 只股票）
2026-04-28T05:19:19.958673Z  INFO quantix_cli::sources::quote_collector: 正在采集第 75/111 批（40 只股票）
2026-04-28T05:19:20.094270Z  INFO quantix_cli::sources::quote_collector: 正在采集第 76/111 批（40 只股票）
2026-04-28T05:19:20.234790Z  INFO quantix_cli::sources::quote_collector: 正在采集第 77/111 批（40 只股票）
2026-04-28T05:19:20.371796Z  INFO quantix_cli::sources::quote_collector: 正在采集第 78/111 批（40 只股票）
⚠️  行情数据不完整，只解析了 39/40 只股票
2026-04-28T05:19:20.507083Z  INFO quantix_cli::sources::quote_collector: 正在采集第 79/111 批（40 只股票）
2026-04-28T05:19:20.686816Z  INFO quantix_cli::sources::quote_collector: 正在采集第 80/111 批（40 只股票）
2026-04-28T05:19:20.823792Z  INFO quantix_cli::sources::quote_collector: 正在采集第 81/111 批（40 只股票）
2026-04-28T05:19:20.958903Z  INFO quantix_cli::sources::quote_collector: 正在采集第 82/111 批（40 只股票）
2026-04-28T05:19:21.099758Z  INFO quantix_cli::sources::quote_collector: 正在采集第 83/111 批（40 只股票）
2026-04-28T05:19:21.238077Z  INFO quantix_cli::sources::quote_collector: 正在采集第 84/111 批（40 只股票）
2026-04-28T05:19:21.374765Z  INFO quantix_cli::sources::quote_collector: 正在采集第 85/111 批（40 只股票）
2026-04-28T05:19:21.516434Z  INFO quantix_cli::sources::quote_collector: 正在采集第 86/111 批（40 只股票）
2026-04-28T05:19:21.658824Z  INFO quantix_cli::sources::quote_collector: 正在采集第 87/111 批（40 只股票）
2026-04-28T05:19:21.794301Z  INFO quantix_cli::sources::quote_collector: 正在采集第 88/111 批（40 只股票）
⚠️  行情数据不完整，只解析了 39/40 只股票
2026-04-28T05:19:21.932590Z  INFO quantix_cli::sources::quote_collector: 正在采集第 89/111 批（40 只股票）
2026-04-28T05:19:22.068793Z  INFO quantix_cli::sources::quote_collector: 正在采集第 90/111 批（40 只股票）
2026-04-28T05:19:22.204355Z  INFO quantix_cli::sources::quote_collector: 正在采集第 91/111 批（40 只股票）
2026-04-28T05:19:22.344111Z  INFO quantix_cli::sources::quote_collector: 正在采集第 92/111 批（40 只股票）
2026-04-28T05:19:22.481947Z  INFO quantix_cli::sources::quote_collector: 正在采集第 93/111 批（40 只股票）
2026-04-28T05:19:22.619317Z  INFO quantix_cli::sources::quote_collector: 正在采集第 94/111 批（40 只股票）
2026-04-28T05:19:22.801513Z  INFO quantix_cli::sources::quote_collector: 正在采集第 95/111 批（40 只股票）
⚠️  行情数据不完整，只解析了 39/40 只股票
2026-04-28T05:19:22.938510Z  INFO quantix_cli::sources::quote_collector: 正在采集第 96/111 批（40 只股票）
2026-04-28T05:19:23.074081Z  INFO quantix_cli::sources::quote_collector: 正在采集第 97/111 批（40 只股票）
2026-04-28T05:19:23.213405Z  INFO quantix_cli::sources::quote_collector: 正在采集第 98/111 批（40 只股票）
⚠️  行情数据不完整，只解析了 39/40 只股票
2026-04-28T05:19:23.359081Z  INFO quantix_cli::sources::quote_collector: 正在采集第 99/111 批（40 只股票）
2026-04-28T05:19:23.493525Z  INFO quantix_cli::sources::quote_collector: 正在采集第 100/111 批（40 只股票）
2026-04-28T05:19:23.632933Z  INFO quantix_cli::sources::quote_collector: 正在采集第 101/111 批（40 只股票）
2026-04-28T05:19:23.771655Z  INFO quantix_cli::sources::quote_collector: 正在采集第 102/111 批（40 只股票）
2026-04-28T05:19:23.908195Z  INFO quantix_cli::sources::quote_collector: 正在采集第 103/111 批（40 只股票）
2026-04-28T05:19:24.052696Z  INFO quantix_cli::sources::quote_collector: 正在采集第 104/111 批（40 只股票）
⚠️  行情数据不完整，只解析了 39/40 只股票
2026-04-28T05:19:24.190040Z  INFO quantix_cli::sources::quote_collector: 正在采集第 105/111 批（40 只股票）
⚠️  行情数据不完整，只解析了 39/40 只股票
2026-04-28T05:19:24.325747Z  INFO quantix_cli::sources::quote_collector: 正在采集第 106/111 批（40 只股票）
2026-04-28T05:19:24.465496Z  INFO quantix_cli::sources::quote_collector: 正在采集第 107/111 批（40 只股票）
⚠️  行情数据不完整，只解析了 39/40 只股票
2026-04-28T05:19:24.603658Z  INFO quantix_cli::sources::quote_collector: 正在采集第 108/111 批（40 只股票）
2026-04-28T05:19:24.739743Z  INFO quantix_cli::sources::quote_collector: 正在采集第 109/111 批（40 只股票）
2026-04-28T05:19:24.914036Z  INFO quantix_cli::sources::quote_collector: 正在采集第 110/111 批（40 只股票）
2026-04-28T05:19:25.050830Z  INFO quantix_cli::sources::quote_collector: 正在采集第 111/111 批（30 只股票）
2026-04-28T05:19:25.084422Z  INFO quantix_cli::sources::quote_collector: 全市场行情采集完成：共获取 4419 只股票的行情数据
2026-04-28T05:19:25.086105Z  WARN quantix_cli::market::strength: TDX fallback 仅返回部分 A 股实时行情: 4210/4430
2026-04-28T05:19:25.225063Z  INFO quantix_cli::db::clickhouse: ClickHouse 客户端初始化: http://192.168.123.104:8123 -> quantix (user: default)
2026-04-28T05:19:25.308358Z  WARN quantix_cli::market::strength: 市场基础面本地表缺失，跳过 EastMoney 单股基本面 fallback: 数据库查询失败: Query failed (404 Not Found): Code: 60. DB::Exception: Unknown table expression identifier 'market_fundamentals_daily' in scope SELECT code, max(snapshot_date) AS snapshot_date, argMax(market_cap, snapshot_date) AS market_cap, argMax(latest_report_profit, snapshot_date) AS latest_report_profit, argMax(profit_source, snapshot_date) AS profit_source, argMax(pe_dynamic, snapshot_date) AS pe_dynamic, formatDateTime(max(updated_at), '%F %T') AS updated_at FROM market_fundamentals_daily WHERE (code IN ('000059', '000096', '000159', '000166', '000301', '000415', '000532', '000552', '000554', '000563', '000567', '000571', '000617', '000637', '000686', '000698', '000703', '000712', '000723', '000728', '000750', '000776', '000783', '000819', '000937', '000968', '000983', '000985', '000987', '002128', '002221', '002316', '002408', '002423', '002476', '002493', '002500', '002554', '002629', '002647', '002648', '002670', '002673', '002736', '002778', '002797', '002828', '002926', '002939', '002945', '002961', '002986', '300059', '300135', '300157', '300164', '300191', '300773', '300839', '600028', '600030', '600053', '600061', '600095', '600109', '600120', '600121', '600123', '600155', '600157', '600188', '600256', '600318', '600339', '600346', '600348', '600369', '600390', '600395', '600397', '600403', '600408', '600508', '600546', '600583', '600599', '600621', '600643', '600688', '600725', '600740', '600758', '600777', '600792', '600800', '600816', '600830', '600864', '600871', '600901', '600906', '600909', '600918', '600968', '600971', '600985', '600997', '600999', '601001', '601011', '601015', '601066', '601088', '601099', '601101', '601108', '601162', '601198', '601211', '601225', '601233', '601236', '601318', '601319', '601336', '601375', '601377', '601456', '601555', '601601', '601628', '601666', '601688', '601696', '601699', '601788', '601808', '601857', '601878', '601881', '601898', '601901', '601918', '601990', '601995', '603093', '603113', '603300', '603353', '603619', '603727', '603798')) AND (snapshot_date <= '2026-03-14') GROUP BY code. (UNKNOWN_TABLE) (version 26.2.4.23 (official build))

== 强势板块个股排行 ==
强势板块范围: Top3
行业过滤: 煤炭
候选股数: 35
上一会计周期净利润覆盖: 0/35

按上一会计周期净利润从大到小 Top0:
📭 没有可展示的个股数据
