2026-04-27T03:35:43.050099Z  INFO quantix_cli::db::clickhouse: ClickHouse 客户端初始化: http://192.168.123.104:8123 -> quantix (user: default)
2026-04-27T03:35:45.442317Z  WARN quantix_cli::market::strength: EastMoney A股全市场快照拉取失败，开始尝试 TDX fallback: 其他错误: 获取全市场 A 股列表失败: 其他错误: curl 拉取全市场快照失败: curl: (52) Empty reply from server
2026-04-27T03:35:45.896827Z  INFO quantix_cli::sources::tdx: TDX 数据源初始化成功：3 个 TCP 连接
2026-04-27T03:35:45.897041Z  INFO quantix_cli::sources::quote_collector: 行情采集器初始化：每批 40 只股票，超时 10 秒
2026-04-27T03:35:45.897105Z  INFO quantix_cli::sources::quote_collector: 开始分批采集全市场 4430 只股票的实时行情
2026-04-27T03:35:45.897203Z  INFO quantix_cli::sources::quote_collector: 正在采集第 1/111 批（40 只股票）
2026-04-27T03:35:46.034257Z  INFO quantix_cli::sources::quote_collector: 正在采集第 2/111 批（40 只股票）
2026-04-27T03:35:46.173266Z  INFO quantix_cli::sources::quote_collector: 正在采集第 3/111 批（40 只股票）
2026-04-27T03:35:46.310428Z  INFO quantix_cli::sources::quote_collector: 正在采集第 4/111 批（40 只股票）
2026-04-27T03:35:46.444452Z  INFO quantix_cli::sources::quote_collector: 正在采集第 5/111 批（40 只股票）
2026-04-27T03:35:46.582269Z  INFO quantix_cli::sources::quote_collector: 正在采集第 6/111 批（40 只股票）
2026-04-27T03:35:46.718688Z  INFO quantix_cli::sources::quote_collector: 正在采集第 7/111 批（40 只股票）
2026-04-27T03:35:46.855108Z  INFO quantix_cli::sources::quote_collector: 正在采集第 8/111 批（40 只股票）
2026-04-27T03:35:46.996273Z  INFO quantix_cli::sources::quote_collector: 正在采集第 9/111 批（40 只股票）
2026-04-27T03:35:47.132795Z  INFO quantix_cli::sources::quote_collector: 正在采集第 10/111 批（40 只股票）
2026-04-27T03:35:47.266755Z  INFO quantix_cli::sources::quote_collector: 正在采集第 11/111 批（40 只股票）
2026-04-27T03:35:47.404470Z  INFO quantix_cli::sources::quote_collector: 正在采集第 12/111 批（40 只股票）
2026-04-27T03:35:47.540688Z  INFO quantix_cli::sources::quote_collector: 正在采集第 13/111 批（40 只股票）
2026-04-27T03:35:47.674494Z  INFO quantix_cli::sources::quote_collector: 正在采集第 14/111 批（40 只股票）
2026-04-27T03:35:47.812810Z  INFO quantix_cli::sources::quote_collector: 正在采集第 15/111 批（40 只股票）
2026-04-27T03:35:47.952915Z  INFO quantix_cli::sources::quote_collector: 正在采集第 16/111 批（40 只股票）
2026-04-27T03:35:48.123392Z  INFO quantix_cli::sources::quote_collector: 正在采集第 17/111 批（40 只股票）
2026-04-27T03:35:48.260031Z  INFO quantix_cli::sources::quote_collector: 正在采集第 18/111 批（40 只股票）
2026-04-27T03:35:48.395035Z  INFO quantix_cli::sources::quote_collector: 正在采集第 19/111 批（40 只股票）
2026-04-27T03:35:48.527990Z  INFO quantix_cli::sources::quote_collector: 正在采集第 20/111 批（40 只股票）
⚠️  行情数据不完整，只解析了 39/40 只股票
2026-04-27T03:35:48.665503Z  INFO quantix_cli::sources::quote_collector: 正在采集第 21/111 批（40 只股票）
2026-04-27T03:35:48.801234Z  INFO quantix_cli::sources::quote_collector: 正在采集第 22/111 批（40 只股票）
2026-04-27T03:35:48.933980Z  INFO quantix_cli::sources::quote_collector: 正在采集第 23/111 批（40 只股票）
2026-04-27T03:35:49.071187Z  INFO quantix_cli::sources::quote_collector: 正在采集第 24/111 批（40 只股票）
2026-04-27T03:35:49.206998Z  INFO quantix_cli::sources::quote_collector: 正在采集第 25/111 批（40 只股票）
2026-04-27T03:35:49.340748Z  INFO quantix_cli::sources::quote_collector: 正在采集第 26/111 批（40 只股票）
2026-04-27T03:35:49.478241Z  INFO quantix_cli::sources::quote_collector: 正在采集第 27/111 批（40 只股票）
2026-04-27T03:35:49.613052Z  INFO quantix_cli::sources::quote_collector: 正在采集第 28/111 批（40 只股票）
2026-04-27T03:35:49.746827Z  INFO quantix_cli::sources::quote_collector: 正在采集第 29/111 批（40 只股票）
2026-04-27T03:35:49.884679Z  INFO quantix_cli::sources::quote_collector: 正在采集第 30/111 批（40 只股票）
2026-04-27T03:35:50.022432Z  INFO quantix_cli::sources::quote_collector: 正在采集第 31/111 批（40 只股票）
2026-04-27T03:35:50.154996Z  INFO quantix_cli::sources::quote_collector: 正在采集第 32/111 批（40 只股票）
2026-04-27T03:35:50.291153Z  INFO quantix_cli::sources::quote_collector: 正在采集第 33/111 批（40 只股票）
2026-04-27T03:35:50.427500Z  INFO quantix_cli::sources::quote_collector: 正在采集第 34/111 批（40 只股票）
⚠️  行情数据不完整，只解析了 39/40 只股票
2026-04-27T03:35:50.560837Z  INFO quantix_cli::sources::quote_collector: 正在采集第 35/111 批（40 只股票）
2026-04-27T03:35:50.698345Z  INFO quantix_cli::sources::quote_collector: 正在采集第 36/111 批（40 只股票）
⚠️  行情数据不完整，只解析了 39/40 只股票
2026-04-27T03:35:50.833890Z  INFO quantix_cli::sources::quote_collector: 正在采集第 37/111 批（40 只股票）
2026-04-27T03:35:50.970306Z  INFO quantix_cli::sources::quote_collector: 正在采集第 38/111 批（40 只股票）
2026-04-27T03:35:51.107087Z  INFO quantix_cli::sources::quote_collector: 正在采集第 39/111 批（40 只股票）
2026-04-27T03:35:51.242148Z  INFO quantix_cli::sources::quote_collector: 正在采集第 40/111 批（40 只股票）
2026-04-27T03:35:51.375556Z  INFO quantix_cli::sources::quote_collector: 正在采集第 41/111 批（40 只股票）
2026-04-27T03:35:51.512929Z  INFO quantix_cli::sources::quote_collector: 正在采集第 42/111 批（40 只股票）
2026-04-27T03:35:51.648780Z  INFO quantix_cli::sources::quote_collector: 正在采集第 43/111 批（40 只股票）
2026-04-27T03:35:51.782283Z  INFO quantix_cli::sources::quote_collector: 正在采集第 44/111 批（40 只股票）
2026-04-27T03:35:51.919598Z  INFO quantix_cli::sources::quote_collector: 正在采集第 45/111 批（40 只股票）
2026-04-27T03:35:52.055676Z  INFO quantix_cli::sources::quote_collector: 正在采集第 46/111 批（40 只股票）
2026-04-27T03:35:52.188132Z  INFO quantix_cli::sources::quote_collector: 正在采集第 47/111 批（40 只股票）
2026-04-27T03:35:52.356779Z  INFO quantix_cli::sources::quote_collector: 正在采集第 48/111 批（40 只股票）
2026-04-27T03:35:52.492236Z  INFO quantix_cli::sources::quote_collector: 正在采集第 49/111 批（40 只股票）
2026-04-27T03:35:52.625264Z  INFO quantix_cli::sources::quote_collector: 正在采集第 50/111 批（40 只股票）
⚠️  行情数据不完整，只解析了 39/40 只股票
2026-04-27T03:35:52.761996Z  INFO quantix_cli::sources::quote_collector: 正在采集第 51/111 批（40 只股票）
⚠️  行情数据不完整，只解析了 39/40 只股票
2026-04-27T03:35:52.897642Z  INFO quantix_cli::sources::quote_collector: 正在采集第 52/111 批（40 只股票）
2026-04-27T03:35:53.033387Z  INFO quantix_cli::sources::quote_collector: 正在采集第 53/111 批（40 只股票）
2026-04-27T03:35:53.170239Z  INFO quantix_cli::sources::quote_collector: 正在采集第 54/111 批（40 只股票）
⚠️  行情数据不完整，只解析了 39/40 只股票
2026-04-27T03:35:53.306407Z  INFO quantix_cli::sources::quote_collector: 正在采集第 55/111 批（40 只股票）
⚠️  行情数据不完整，只解析了 39/40 只股票
2026-04-27T03:35:53.440116Z  INFO quantix_cli::sources::quote_collector: 正在采集第 56/111 批（40 只股票）
2026-04-27T03:35:53.577561Z  INFO quantix_cli::sources::quote_collector: 正在采集第 57/111 批（40 只股票）
2026-04-27T03:35:53.713045Z  INFO quantix_cli::sources::quote_collector: 正在采集第 58/111 批（40 只股票）
⚠️  行情数据不完整，只解析了 39/40 只股票
2026-04-27T03:35:53.846874Z  INFO quantix_cli::sources::quote_collector: 正在采集第 59/111 批（40 只股票）
⚠️  行情数据不完整，只解析了 39/40 只股票
2026-04-27T03:35:53.983071Z  INFO quantix_cli::sources::quote_collector: 正在采集第 60/111 批（40 只股票）
2026-04-27T03:35:54.117944Z  INFO quantix_cli::sources::quote_collector: 正在采集第 61/111 批（40 只股票）
2026-04-27T03:35:54.251793Z  INFO quantix_cli::sources::quote_collector: 正在采集第 62/111 批（40 只股票）
2026-04-27T03:35:54.392546Z  INFO quantix_cli::sources::quote_collector: 正在采集第 63/111 批（40 只股票）
2026-04-27T03:35:54.529628Z  INFO quantix_cli::sources::quote_collector: 正在采集第 64/111 批（40 只股票）
2026-04-27T03:35:54.662212Z  INFO quantix_cli::sources::quote_collector: 正在采集第 65/111 批（40 只股票）
2026-04-27T03:35:54.799842Z  INFO quantix_cli::sources::quote_collector: 正在采集第 66/111 批（40 只股票）
2026-04-27T03:35:54.935012Z  INFO quantix_cli::sources::quote_collector: 正在采集第 67/111 批（40 只股票）
2026-04-27T03:35:55.074887Z  INFO quantix_cli::sources::quote_collector: 正在采集第 68/111 批（40 只股票）
⚠️  行情数据不完整，只解析了 39/40 只股票
2026-04-27T03:35:55.211104Z  INFO quantix_cli::sources::quote_collector: 正在采集第 69/111 批（40 只股票）
2026-04-27T03:35:55.346992Z  INFO quantix_cli::sources::quote_collector: 正在采集第 70/111 批（40 只股票）
2026-04-27T03:35:55.519953Z  INFO quantix_cli::sources::quote_collector: 正在采集第 71/111 批（40 只股票）
2026-04-27T03:35:55.656347Z  INFO quantix_cli::sources::quote_collector: 正在采集第 72/111 批（40 只股票）
2026-04-27T03:35:55.796546Z  INFO quantix_cli::sources::quote_collector: 正在采集第 73/111 批（40 只股票）
2026-04-27T03:35:55.929094Z  INFO quantix_cli::sources::quote_collector: 正在采集第 74/111 批（40 只股票）
2026-04-27T03:35:56.066347Z  INFO quantix_cli::sources::quote_collector: 正在采集第 75/111 批（40 只股票）
2026-04-27T03:35:56.202970Z  INFO quantix_cli::sources::quote_collector: 正在采集第 76/111 批（40 只股票）
2026-04-27T03:35:56.336438Z  INFO quantix_cli::sources::quote_collector: 正在采集第 77/111 批（40 只股票）
2026-04-27T03:35:56.473965Z  INFO quantix_cli::sources::quote_collector: 正在采集第 78/111 批（40 只股票）
⚠️  行情数据不完整，只解析了 39/40 只股票
2026-04-27T03:35:56.609215Z  INFO quantix_cli::sources::quote_collector: 正在采集第 79/111 批（40 只股票）
2026-04-27T03:35:56.743348Z  INFO quantix_cli::sources::quote_collector: 正在采集第 80/111 批（40 只股票）
2026-04-27T03:35:56.884203Z  INFO quantix_cli::sources::quote_collector: 正在采集第 81/111 批（40 只股票）
2026-04-27T03:35:57.020278Z  INFO quantix_cli::sources::quote_collector: 正在采集第 82/111 批（40 只股票）
2026-04-27T03:35:57.153176Z  INFO quantix_cli::sources::quote_collector: 正在采集第 83/111 批（40 只股票）
2026-04-27T03:35:57.290957Z  INFO quantix_cli::sources::quote_collector: 正在采集第 84/111 批（40 只股票）
2026-04-27T03:35:57.426018Z  INFO quantix_cli::sources::quote_collector: 正在采集第 85/111 批（40 只股票）
2026-04-27T03:35:57.559490Z  INFO quantix_cli::sources::quote_collector: 正在采集第 86/111 批（40 只股票）
2026-04-27T03:35:57.697591Z  INFO quantix_cli::sources::quote_collector: 正在采集第 87/111 批（40 只股票）
2026-04-27T03:35:57.833104Z  INFO quantix_cli::sources::quote_collector: 正在采集第 88/111 批（40 只股票）
2026-04-27T03:35:57.968815Z  INFO quantix_cli::sources::quote_collector: 正在采集第 89/111 批（40 只股票）
2026-04-27T03:35:58.106587Z  INFO quantix_cli::sources::quote_collector: 正在采集第 90/111 批（40 只股票）
2026-04-27T03:35:58.242730Z  INFO quantix_cli::sources::quote_collector: 正在采集第 91/111 批（40 只股票）
2026-04-27T03:35:58.376011Z  INFO quantix_cli::sources::quote_collector: 正在采集第 92/111 批（40 只股票）
⚠️  行情数据不完整，只解析了 39/40 只股票
2026-04-27T03:35:58.513622Z  INFO quantix_cli::sources::quote_collector: 正在采集第 93/111 批（40 只股票）
⚠️  行情数据不完整，只解析了 39/40 只股票
2026-04-27T03:35:58.687833Z  INFO quantix_cli::sources::quote_collector: 正在采集第 94/111 批（40 只股票）
2026-04-27T03:35:58.821917Z  INFO quantix_cli::sources::quote_collector: 正在采集第 95/111 批（40 只股票）
2026-04-27T03:35:58.959616Z  INFO quantix_cli::sources::quote_collector: 正在采集第 96/111 批（40 只股票）
2026-04-27T03:35:59.095090Z  INFO quantix_cli::sources::quote_collector: 正在采集第 97/111 批（40 只股票）
2026-04-27T03:35:59.228062Z  INFO quantix_cli::sources::quote_collector: 正在采集第 98/111 批（40 只股票）
⚠️  行情数据不完整，只解析了 39/40 只股票
2026-04-27T03:35:59.366532Z  INFO quantix_cli::sources::quote_collector: 正在采集第 99/111 批（40 只股票）
2026-04-27T03:35:59.504184Z  INFO quantix_cli::sources::quote_collector: 正在采集第 100/111 批（40 只股票）
2026-04-27T03:35:59.638483Z  INFO quantix_cli::sources::quote_collector: 正在采集第 101/111 批（40 只股票）
2026-04-27T03:35:59.775011Z  INFO quantix_cli::sources::quote_collector: 正在采集第 102/111 批（40 只股票）
⚠️  行情数据不完整，只解析了 39/40 只股票
2026-04-27T03:35:59.910138Z  INFO quantix_cli::sources::quote_collector: 正在采集第 103/111 批（40 只股票）
2026-04-27T03:36:00.042969Z  INFO quantix_cli::sources::quote_collector: 正在采集第 104/111 批（40 只股票）
⚠️  行情数据不完整，只解析了 39/40 只股票
2026-04-27T03:36:00.180782Z  INFO quantix_cli::sources::quote_collector: 正在采集第 105/111 批（40 只股票）
2026-04-27T03:36:00.316849Z  INFO quantix_cli::sources::quote_collector: 正在采集第 106/111 批（40 只股票）
2026-04-27T03:36:00.451388Z  INFO quantix_cli::sources::quote_collector: 正在采集第 107/111 批（40 只股票）
2026-04-27T03:36:00.589520Z  INFO quantix_cli::sources::quote_collector: 正在采集第 108/111 批（40 只股票）
2026-04-27T03:36:00.725705Z  INFO quantix_cli::sources::quote_collector: 正在采集第 109/111 批（40 只股票）
⚠️  行情数据不完整，只解析了 39/40 只股票
2026-04-27T03:36:00.858992Z  INFO quantix_cli::sources::quote_collector: 正在采集第 110/111 批（40 只股票）
2026-04-27T03:36:00.999844Z  INFO quantix_cli::sources::quote_collector: 正在采集第 111/111 批（30 只股票）
2026-04-27T03:36:01.038096Z  INFO quantix_cli::sources::quote_collector: 全市场行情采集完成：共获取 4413 只股票的行情数据
2026-04-27T03:36:01.039603Z  WARN quantix_cli::market::strength: TDX fallback 仅返回部分 A 股实时行情: 4210/4430
2026-04-27T03:36:01.133124Z  INFO quantix_cli::db::clickhouse: ClickHouse 客户端初始化: http://192.168.123.104:8123 -> quantix (user: default)
2026-04-27T03:36:01.201074Z  WARN quantix_cli::market::strength: 市场基础面本地表查询失败，开始尝试 EastMoney 单股基本面 fallback: 数据库查询失败: Query failed (404 Not Found): Code: 60. DB::Exception: Unknown table expression identifier 'market_fundamentals_daily' in scope SELECT code, max(snapshot_date) AS snapshot_date, argMax(market_cap, snapshot_date) AS market_cap, argMax(latest_report_profit, snapshot_date) AS latest_report_profit, argMax(profit_source, snapshot_date) AS profit_source, argMax(pe_dynamic, snapshot_date) AS pe_dynamic, formatDateTime(max(updated_at), '%F %T') AS updated_at FROM market_fundamentals_daily WHERE (code IN ('000001', '002142', '002807', '002839', '002936', '002948', '002958', '002966', '600000', '600015', '600016', '600036', '600908', '600919', '600926', '600928', '601009', '601077', '601128', '601166', '601169', '601187', '601229', '601288', '601328', '601398', '601528', '601577', '601658', '601665', '601818', '601838', '601860', '601916', '601939', '601963', '601988', '601997', '601998', '603323')) AND (snapshot_date <= '2026-03-14') GROUP BY code. (UNKNOWN_TABLE) (version 26.2.4.23 (official build))

== 强弱板块分析 ==
基础数据: A股=4210 行业覆盖=4210 未覆盖=0
强势板块候选股数: 40
基本面覆盖: 市值=1/40 利润=1/40
基本面抓取异常: 市值请求失败=39 利润请求失败=39

强势板块:
排名       代码           板块               涨跌幅
--------------------------------------------------------
1        BK0001       银行               2.35%

弱势板块:
排名       代码           板块               涨跌幅
--------------------------------------------------------
1        BK0001       银行               2.35%

强势板块个股 Top1 总市值:
排名   行业         代码           名称           现价           总市值(亿)
------------------------------------------------------------------------------------
1    银行         601818       光大银行         3.17         1873.01

强势板块个股 Top1 推算净利润:
排名   行业         代码           名称           现价           推算净利润(亿)
------------------------------------------------------------------------------------
1    银行         601818       光大银行         3.17         388.25
