2026-04-27T01:49:42.359005Z  INFO quantix_cli::db::clickhouse: ClickHouse 客户端初始化: http://192.168.123.104:8123 -> quantix (user: default)
2026-04-27T01:49:47.475978Z  WARN quantix_cli::market::strength: EastMoney A股全市场快照拉取失败，开始尝试 TDX fallback: 其他错误: 获取全市场 A 股列表失败: 其他错误: curl 拉取全市场快照失败: curl: (52) Empty reply from server
2026-04-27T01:49:47.895895Z  INFO quantix_cli::sources::tdx: TDX 数据源初始化成功：3 个 TCP 连接
2026-04-27T01:49:47.895956Z  INFO quantix_cli::sources::quote_collector: 行情采集器初始化：每批 40 只股票，超时 10 秒
2026-04-27T01:49:47.895972Z  INFO quantix_cli::sources::quote_collector: 开始分批采集全市场 4430 只股票的实时行情
2026-04-27T01:49:47.896000Z  INFO quantix_cli::sources::quote_collector: 正在采集第 1/111 批（40 只股票）
2026-04-27T01:49:48.032976Z  INFO quantix_cli::sources::quote_collector: 正在采集第 2/111 批（40 只股票）
2026-04-27T01:49:48.174209Z  INFO quantix_cli::sources::quote_collector: 正在采集第 3/111 批（40 只股票）
2026-04-27T01:49:48.309983Z  INFO quantix_cli::sources::quote_collector: 正在采集第 4/111 批（40 只股票）
2026-04-27T01:49:48.445800Z  INFO quantix_cli::sources::quote_collector: 正在采集第 5/111 批（40 只股票）
2026-04-27T01:49:48.588062Z  INFO quantix_cli::sources::quote_collector: 正在采集第 6/111 批（40 只股票）
2026-04-27T01:49:48.723965Z  INFO quantix_cli::sources::quote_collector: 正在采集第 7/111 批（40 只股票）
2026-04-27T01:49:48.859780Z  INFO quantix_cli::sources::quote_collector: 正在采集第 8/111 批（40 只股票）
2026-04-27T01:49:49.003966Z  INFO quantix_cli::sources::quote_collector: 正在采集第 9/111 批（40 只股票）
2026-04-27T01:49:49.137437Z  INFO quantix_cli::sources::quote_collector: 正在采集第 10/111 批（40 只股票）
2026-04-27T01:49:49.310786Z  INFO quantix_cli::sources::quote_collector: 正在采集第 11/111 批（40 只股票）
2026-04-27T01:49:49.446900Z  INFO quantix_cli::sources::quote_collector: 正在采集第 12/111 批（40 只股票）
2026-04-27T01:49:49.584255Z  INFO quantix_cli::sources::quote_collector: 正在采集第 13/111 批（40 只股票）
2026-04-27T01:49:49.720395Z  INFO quantix_cli::sources::quote_collector: 正在采集第 14/111 批（40 只股票）
2026-04-27T01:49:49.856858Z  INFO quantix_cli::sources::quote_collector: 正在采集第 15/111 批（40 只股票）
2026-04-27T01:49:49.992935Z  INFO quantix_cli::sources::quote_collector: 正在采集第 16/111 批（40 只股票）
2026-04-27T01:49:50.127748Z  INFO quantix_cli::sources::quote_collector: 正在采集第 17/111 批（40 只股票）
2026-04-27T01:49:50.264266Z  INFO quantix_cli::sources::quote_collector: 正在采集第 18/111 批（40 只股票）
2026-04-27T01:49:50.400205Z  INFO quantix_cli::sources::quote_collector: 正在采集第 19/111 批（40 只股票）
2026-04-27T01:49:50.534752Z  INFO quantix_cli::sources::quote_collector: 正在采集第 20/111 批（40 只股票）
⚠️  行情数据不完整，只解析了 39/40 只股票
2026-04-27T01:49:50.672973Z  INFO quantix_cli::sources::quote_collector: 正在采集第 21/111 批（40 只股票）
2026-04-27T01:49:50.807177Z  INFO quantix_cli::sources::quote_collector: 正在采集第 22/111 批（40 只股票）
2026-04-27T01:49:50.944029Z  INFO quantix_cli::sources::quote_collector: 正在采集第 23/111 批（40 只股票）
2026-04-27T01:49:51.082542Z  INFO quantix_cli::sources::quote_collector: 正在采集第 24/111 批（40 只股票）
2026-04-27T01:49:51.215755Z  INFO quantix_cli::sources::quote_collector: 正在采集第 25/111 批（40 只股票）
2026-04-27T01:49:51.353475Z  INFO quantix_cli::sources::quote_collector: 正在采集第 26/111 批（40 只股票）
2026-04-27T01:49:51.492163Z  INFO quantix_cli::sources::quote_collector: 正在采集第 27/111 批（40 只股票）
2026-04-27T01:49:51.635022Z  INFO quantix_cli::sources::quote_collector: 正在采集第 28/111 批（40 只股票）
⚠️  行情数据不完整，只解析了 39/40 只股票
2026-04-27T01:49:51.770923Z  INFO quantix_cli::sources::quote_collector: 正在采集第 29/111 批（40 只股票）
2026-04-27T01:49:51.922913Z  INFO quantix_cli::sources::quote_collector: 正在采集第 30/111 批（40 只股票）
2026-04-27T01:49:52.057286Z  INFO quantix_cli::sources::quote_collector: 正在采集第 31/111 批（40 只股票）
2026-04-27T01:49:52.196246Z  INFO quantix_cli::sources::quote_collector: 正在采集第 32/111 批（40 只股票）
⚠️  行情数据不完整，只解析了 39/40 只股票
2026-04-27T01:49:52.335517Z  INFO quantix_cli::sources::quote_collector: 正在采集第 33/111 批（40 只股票）
2026-04-27T01:49:52.513034Z  INFO quantix_cli::sources::quote_collector: 正在采集第 34/111 批（40 只股票）
2026-04-27T01:49:52.649375Z  INFO quantix_cli::sources::quote_collector: 正在采集第 35/111 批（40 只股票）
2026-04-27T01:49:52.786005Z  INFO quantix_cli::sources::quote_collector: 正在采集第 36/111 批（40 只股票）
⚠️  行情数据不完整，只解析了 39/40 只股票
2026-04-27T01:49:52.920247Z  INFO quantix_cli::sources::quote_collector: 正在采集第 37/111 批（40 只股票）
2026-04-27T01:49:53.056622Z  INFO quantix_cli::sources::quote_collector: 正在采集第 38/111 批（40 只股票）
2026-04-27T01:49:53.194229Z  INFO quantix_cli::sources::quote_collector: 正在采集第 39/111 批（40 只股票）
2026-04-27T01:49:53.327793Z  INFO quantix_cli::sources::quote_collector: 正在采集第 40/111 批（40 只股票）
2026-04-27T01:49:53.462811Z  INFO quantix_cli::sources::quote_collector: 正在采集第 41/111 批（40 只股票）
2026-04-27T01:49:53.602793Z  INFO quantix_cli::sources::quote_collector: 正在采集第 42/111 批（40 只股票）
2026-04-27T01:49:53.736423Z  INFO quantix_cli::sources::quote_collector: 正在采集第 43/111 批（40 只股票）
2026-04-27T01:49:53.873590Z  INFO quantix_cli::sources::quote_collector: 正在采集第 44/111 批（40 只股票）
2026-04-27T01:49:54.014247Z  INFO quantix_cli::sources::quote_collector: 正在采集第 45/111 批（40 只股票）
2026-04-27T01:49:54.148209Z  INFO quantix_cli::sources::quote_collector: 正在采集第 46/111 批（40 只股票）
2026-04-27T01:49:54.284173Z  INFO quantix_cli::sources::quote_collector: 正在采集第 47/111 批（40 只股票）
2026-04-27T01:49:54.422049Z  INFO quantix_cli::sources::quote_collector: 正在采集第 48/111 批（40 只股票）
2026-04-27T01:49:54.561354Z  INFO quantix_cli::sources::quote_collector: 正在采集第 49/111 批（40 只股票）
2026-04-27T01:49:54.701370Z  INFO quantix_cli::sources::quote_collector: 正在采集第 50/111 批（40 只股票）
⚠️  行情数据不完整，只解析了 39/40 只股票
2026-04-27T01:49:54.839338Z  INFO quantix_cli::sources::quote_collector: 正在采集第 51/111 批（40 只股票）
⚠️  行情数据不完整，只解析了 39/40 只股票
2026-04-27T01:49:54.974067Z  INFO quantix_cli::sources::quote_collector: 正在采集第 52/111 批（40 只股票）
⚠️  行情数据不完整，只解析了 39/40 只股票
2026-04-27T01:49:55.110285Z  INFO quantix_cli::sources::quote_collector: 正在采集第 53/111 批（40 只股票）
2026-04-27T01:49:55.245729Z  INFO quantix_cli::sources::quote_collector: 正在采集第 54/111 批（40 只股票）
⚠️  行情数据不完整，只解析了 39/40 只股票
2026-04-27T01:49:55.382931Z  INFO quantix_cli::sources::quote_collector: 正在采集第 55/111 批（40 只股票）
⚠️  行情数据不完整，只解析了 39/40 只股票
2026-04-27T01:49:55.519171Z  INFO quantix_cli::sources::quote_collector: 正在采集第 56/111 批（40 只股票）
2026-04-27T01:49:55.684465Z  INFO quantix_cli::sources::quote_collector: 正在采集第 57/111 批（40 只股票）
2026-04-27T01:49:55.819244Z  INFO quantix_cli::sources::quote_collector: 正在采集第 58/111 批（40 只股票）
⚠️  行情数据不完整，只解析了 39/40 只股票
2026-04-27T01:49:55.956490Z  INFO quantix_cli::sources::quote_collector: 正在采集第 59/111 批（40 只股票）
⚠️  行情数据不完整，只解析了 39/40 只股票
2026-04-27T01:49:56.094753Z  INFO quantix_cli::sources::quote_collector: 正在采集第 60/111 批（40 只股票）
2026-04-27T01:49:56.229175Z  INFO quantix_cli::sources::quote_collector: 正在采集第 61/111 批（40 只股票）
2026-04-27T01:49:56.365262Z  INFO quantix_cli::sources::quote_collector: 正在采集第 62/111 批（40 只股票）
2026-04-27T01:49:56.502184Z  INFO quantix_cli::sources::quote_collector: 正在采集第 63/111 批（40 只股票）
2026-04-27T01:49:56.636086Z  INFO quantix_cli::sources::quote_collector: 正在采集第 64/111 批（40 只股票）
2026-04-27T01:49:56.772259Z  INFO quantix_cli::sources::quote_collector: 正在采集第 65/111 批（40 只股票）
2026-04-27T01:49:56.911420Z  INFO quantix_cli::sources::quote_collector: 正在采集第 66/111 批（40 只股票）
2026-04-27T01:49:57.046732Z  INFO quantix_cli::sources::quote_collector: 正在采集第 67/111 批（40 只股票）
2026-04-27T01:49:57.182531Z  INFO quantix_cli::sources::quote_collector: 正在采集第 68/111 批（40 只股票）
⚠️  行情数据不完整，只解析了 39/40 只股票
2026-04-27T01:49:57.320752Z  INFO quantix_cli::sources::quote_collector: 正在采集第 69/111 批（40 只股票）
2026-04-27T01:49:57.454745Z  INFO quantix_cli::sources::quote_collector: 正在采集第 70/111 批（40 只股票）
2026-04-27T01:49:57.590022Z  INFO quantix_cli::sources::quote_collector: 正在采集第 71/111 批（40 只股票）
2026-04-27T01:49:57.733479Z  INFO quantix_cli::sources::quote_collector: 正在采集第 72/111 批（40 只股票）
2026-04-27T01:49:57.873902Z  INFO quantix_cli::sources::quote_collector: 正在采集第 73/111 批（40 只股票）
⚠️  行情数据不完整，只解析了 39/40 只股票
2026-04-27T01:49:58.012485Z  INFO quantix_cli::sources::quote_collector: 正在采集第 74/111 批（40 只股票）
⚠️  行情数据不完整，只解析了 39/40 只股票
2026-04-27T01:49:58.150258Z  INFO quantix_cli::sources::quote_collector: 正在采集第 75/111 批（40 只股票）
2026-04-27T01:49:58.284044Z  INFO quantix_cli::sources::quote_collector: 正在采集第 76/111 批（40 只股票）
2026-04-27T01:49:58.424894Z  INFO quantix_cli::sources::quote_collector: 正在采集第 77/111 批（40 只股票）
2026-04-27T01:49:58.562577Z  INFO quantix_cli::sources::quote_collector: 正在采集第 78/111 批（40 只股票）
⚠️  行情数据不完整，只解析了 39/40 只股票
2026-04-27T01:49:58.700400Z  INFO quantix_cli::sources::quote_collector: 正在采集第 79/111 批（40 只股票）
2026-04-27T01:49:58.854876Z  INFO quantix_cli::sources::quote_collector: 正在采集第 80/111 批（40 只股票）
2026-04-27T01:49:58.993025Z  INFO quantix_cli::sources::quote_collector: 正在采集第 81/111 批（40 只股票）
2026-04-27T01:49:59.127541Z  INFO quantix_cli::sources::quote_collector: 正在采集第 82/111 批（40 只股票）
2026-04-27T01:49:59.264046Z  INFO quantix_cli::sources::quote_collector: 正在采集第 83/111 批（40 只股票）
2026-04-27T01:49:59.403905Z  INFO quantix_cli::sources::quote_collector: 正在采集第 84/111 批（40 只股票）
2026-04-27T01:49:59.536766Z  INFO quantix_cli::sources::quote_collector: 正在采集第 85/111 批（40 只股票）
2026-04-27T01:49:59.672750Z  INFO quantix_cli::sources::quote_collector: 正在采集第 86/111 批（40 只股票）
2026-04-27T01:49:59.821996Z  INFO quantix_cli::sources::quote_collector: 正在采集第 87/111 批（40 只股票）
2026-04-27T01:49:59.962396Z  INFO quantix_cli::sources::quote_collector: 正在采集第 88/111 批（40 只股票）
⚠️  行情数据不完整，只解析了 39/40 只股票
2026-04-27T01:50:00.098334Z  INFO quantix_cli::sources::quote_collector: 正在采集第 89/111 批（40 只股票）
2026-04-27T01:50:00.235173Z  INFO quantix_cli::sources::quote_collector: 正在采集第 90/111 批（40 只股票）
2026-04-27T01:50:00.369206Z  INFO quantix_cli::sources::quote_collector: 正在采集第 91/111 批（40 只股票）
⚠️  行情数据不完整，只解析了 39/40 只股票
2026-04-27T01:50:00.511556Z  INFO quantix_cli::sources::quote_collector: 正在采集第 92/111 批（40 只股票）
2026-04-27T01:50:00.649920Z  INFO quantix_cli::sources::quote_collector: 正在采集第 93/111 批（40 只股票）
⚠️  行情数据不完整，只解析了 39/40 只股票
2026-04-27T01:50:00.783588Z  INFO quantix_cli::sources::quote_collector: 正在采集第 94/111 批（40 只股票）
2026-04-27T01:50:00.968726Z  INFO quantix_cli::sources::quote_collector: 正在采集第 95/111 批（40 只股票）
⚠️  行情数据不完整，只解析了 39/40 只股票
2026-04-27T01:50:01.104927Z  INFO quantix_cli::sources::quote_collector: 正在采集第 96/111 批（40 只股票）
2026-04-27T01:50:01.237842Z  INFO quantix_cli::sources::quote_collector: 正在采集第 97/111 批（40 只股票）
⚠️  行情数据不完整，只解析了 39/40 只股票
2026-04-27T01:50:01.375461Z  INFO quantix_cli::sources::quote_collector: 正在采集第 98/111 批（40 只股票）
⚠️  行情数据不完整，只解析了 39/40 只股票
2026-04-27T01:50:01.514727Z  INFO quantix_cli::sources::quote_collector: 正在采集第 99/111 批（40 只股票）
⚠️  行情数据不完整，只解析了 39/40 只股票
2026-04-27T01:50:01.647900Z  INFO quantix_cli::sources::quote_collector: 正在采集第 100/111 批（40 只股票）
2026-04-27T01:50:01.787690Z  INFO quantix_cli::sources::quote_collector: 正在采集第 101/111 批（40 只股票）
⚠️  行情数据不完整，只解析了 39/40 只股票
2026-04-27T01:50:01.923786Z  INFO quantix_cli::sources::quote_collector: 正在采集第 102/111 批（40 只股票）
⚠️  行情数据不完整，只解析了 39/40 只股票
2026-04-27T01:50:02.057915Z  INFO quantix_cli::sources::quote_collector: 正在采集第 103/111 批（40 只股票）
2026-04-27T01:50:02.197527Z  INFO quantix_cli::sources::quote_collector: 正在采集第 104/111 批（40 只股票）
⚠️  行情数据不完整，只解析了 39/40 只股票
2026-04-27T01:50:02.334166Z  INFO quantix_cli::sources::quote_collector: 正在采集第 105/111 批（40 只股票）
⚠️  行情数据不完整，只解析了 39/40 只股票
2026-04-27T01:50:02.466868Z  INFO quantix_cli::sources::quote_collector: 正在采集第 106/111 批（40 只股票）
2026-04-27T01:50:02.605156Z  INFO quantix_cli::sources::quote_collector: 正在采集第 107/111 批（40 只股票）
2026-04-27T01:50:02.741865Z  INFO quantix_cli::sources::quote_collector: 正在采集第 108/111 批（40 只股票）
⚠️  行情数据不完整，只解析了 39/40 只股票
2026-04-27T01:50:02.874959Z  INFO quantix_cli::sources::quote_collector: 正在采集第 109/111 批（40 只股票）
⚠️  行情数据不完整，只解析了 39/40 只股票
2026-04-27T01:50:03.010770Z  INFO quantix_cli::sources::quote_collector: 正在采集第 110/111 批（40 只股票）
2026-04-27T01:50:03.148182Z  INFO quantix_cli::sources::quote_collector: 正在采集第 111/111 批（30 只股票）
2026-04-27T01:50:03.180497Z  INFO quantix_cli::sources::quote_collector: 全市场行情采集完成：共获取 4402 只股票的行情数据
2026-04-27T01:50:03.182042Z  WARN quantix_cli::market::strength: TDX fallback 仅返回部分 A 股实时行情: 4199/4430
2026-04-27T01:50:03.268100Z  INFO quantix_cli::db::clickhouse: ClickHouse 客户端初始化: http://192.168.123.104:8123 -> quantix (user: default)
2026-04-27T01:50:03.331964Z  WARN quantix_cli::market::strength: 市场基础面本地表查询失败，开始尝试 EastMoney 单股基本面 fallback: 数据库查询失败: Query failed (404 Not Found): Code: 60. DB::Exception: Unknown table expression identifier 'market_fundamentals_daily' in scope SELECT code, max(snapshot_date) AS snapshot_date, argMax(market_cap, snapshot_date) AS market_cap, argMax(latest_report_profit, snapshot_date) AS latest_report_profit, argMax(profit_source, snapshot_date) AS profit_source, argMax(pe_dynamic, snapshot_date) AS pe_dynamic, formatDateTime(max(updated_at), '%F %T') AS updated_at FROM market_fundamentals_daily WHERE (code IN ('000001', '002142', '002807', '002839', '002936', '002948', '002958', '002966', '600000', '600015', '600016', '600036', '600908', '600919', '600926', '600928', '601009', '601077', '601128', '601166', '601169', '601187', '601229', '601288', '601328', '601398', '601528', '601577', '601658', '601665', '601818', '601838', '601860', '601916', '601939', '601963', '601988', '601997', '601998', '603323')) AND (snapshot_date <= '2026-03-14') GROUP BY code. (UNKNOWN_TABLE) (version 26.2.4.23 (official build))

== 强势板块个股排行 ==
强势板块范围: Top3
行业过滤: 银行
候选股数: 2
上一会计周期净利润覆盖: 2/2

按上一会计周期净利润从大到小 Top2:
排名   行业         代码           名称           现价           上一会计周期净利润(亿)
------------------------------------------------------------------------------------
1    银行         603323       苏农银行         4.96         20.42
2    银行         601997       贵阳银行         6.12         14.77
