2026-04-28T06:44:33.372448Z  INFO quantix_cli::db::clickhouse: ClickHouse 客户端初始化: http://192.168.123.104:8123 -> quantix (user: default)
2026-04-28T06:44:33.416412Z  INFO quantix_cli::market::strength: QUANTIX_MARKET_SNAPSHOT_SOURCE=tdx，跳过 EastMoney A股全市场快照，直接使用 TDX
2026-04-28T06:44:33.890162Z  INFO quantix_cli::sources::tdx: TDX 数据源初始化成功：3 个 TCP 连接
2026-04-28T06:44:33.890219Z  INFO quantix_cli::sources::quote_collector: 行情采集器初始化：每批 40 只股票，超时 10 秒
2026-04-28T06:44:33.890245Z  INFO quantix_cli::sources::quote_collector: 开始分批采集全市场 4430 只股票的实时行情
2026-04-28T06:44:33.890263Z  INFO quantix_cli::sources::quote_collector: 正在采集第 1/111 批（40 只股票）
2026-04-28T06:44:34.036723Z  INFO quantix_cli::sources::quote_collector: 正在采集第 2/111 批（40 只股票）
2026-04-28T06:44:34.174699Z  INFO quantix_cli::sources::quote_collector: 正在采集第 3/111 批（40 只股票）
2026-04-28T06:44:34.344508Z  INFO quantix_cli::sources::quote_collector: 正在采集第 4/111 批（40 只股票）
2026-04-28T06:44:34.485585Z  INFO quantix_cli::sources::quote_collector: 正在采集第 5/111 批（40 只股票）
2026-04-28T06:44:34.630823Z  INFO quantix_cli::sources::quote_collector: 正在采集第 6/111 批（40 只股票）
2026-04-28T06:44:34.768064Z  INFO quantix_cli::sources::quote_collector: 正在采集第 7/111 批（40 只股票）
2026-04-28T06:44:34.908941Z  INFO quantix_cli::sources::quote_collector: 正在采集第 8/111 批（40 只股票）
2026-04-28T06:44:35.051605Z  INFO quantix_cli::sources::quote_collector: 正在采集第 9/111 批（40 只股票）
2026-04-28T06:44:35.187368Z  INFO quantix_cli::sources::quote_collector: 正在采集第 10/111 批（40 只股票）
2026-04-28T06:44:35.325557Z  INFO quantix_cli::sources::quote_collector: 正在采集第 11/111 批（40 只股票）
2026-04-28T06:44:35.461338Z  INFO quantix_cli::sources::quote_collector: 正在采集第 12/111 批（40 只股票）
2026-04-28T06:44:35.598467Z  INFO quantix_cli::sources::quote_collector: 正在采集第 13/111 批（40 只股票）
2026-04-28T06:44:35.743564Z  INFO quantix_cli::sources::quote_collector: 正在采集第 14/111 批（40 只股票）
2026-04-28T06:44:35.881201Z  INFO quantix_cli::sources::quote_collector: 正在采集第 15/111 批（40 只股票）
2026-04-28T06:44:36.020952Z  INFO quantix_cli::sources::quote_collector: 正在采集第 16/111 批（40 只股票）
2026-04-28T06:44:36.159905Z  INFO quantix_cli::sources::quote_collector: 正在采集第 17/111 批（40 只股票）
2026-04-28T06:44:36.296941Z  INFO quantix_cli::sources::quote_collector: 正在采集第 18/111 批（40 只股票）
2026-04-28T06:44:36.482067Z  INFO quantix_cli::sources::quote_collector: 正在采集第 19/111 批（40 只股票）
2026-04-28T06:44:36.620992Z  INFO quantix_cli::sources::quote_collector: 正在采集第 20/111 批（40 只股票）
⚠️  行情数据不完整，只解析了 39/40 只股票
2026-04-28T06:44:36.758319Z  INFO quantix_cli::sources::quote_collector: 正在采集第 21/111 批（40 只股票）
2026-04-28T06:44:36.897021Z  INFO quantix_cli::sources::quote_collector: 正在采集第 22/111 批（40 只股票）
2026-04-28T06:44:37.037679Z  INFO quantix_cli::sources::quote_collector: 正在采集第 23/111 批（40 只股票）
2026-04-28T06:44:37.176959Z  INFO quantix_cli::sources::quote_collector: 正在采集第 24/111 批（40 只股票）
2026-04-28T06:44:37.314335Z  INFO quantix_cli::sources::quote_collector: 正在采集第 25/111 批（40 只股票）
2026-04-28T06:44:37.498830Z  INFO quantix_cli::sources::quote_collector: 正在采集第 26/111 批（40 只股票）
2026-04-28T06:44:37.636007Z  INFO quantix_cli::sources::quote_collector: 正在采集第 27/111 批（40 只股票）
2026-04-28T06:44:37.772184Z  INFO quantix_cli::sources::quote_collector: 正在采集第 28/111 批（40 只股票）
2026-04-28T06:44:37.912163Z  INFO quantix_cli::sources::quote_collector: 正在采集第 29/111 批（40 只股票）
2026-04-28T06:44:38.050245Z  INFO quantix_cli::sources::quote_collector: 正在采集第 30/111 批（40 只股票）
2026-04-28T06:44:38.186430Z  INFO quantix_cli::sources::quote_collector: 正在采集第 31/111 批（40 只股票）
2026-04-28T06:44:38.329265Z  INFO quantix_cli::sources::quote_collector: 正在采集第 32/111 批（40 只股票）
2026-04-28T06:44:38.466470Z  INFO quantix_cli::sources::quote_collector: 正在采集第 33/111 批（40 只股票）
⚠️  行情数据不完整，只解析了 39/40 只股票
2026-04-28T06:44:38.602249Z  INFO quantix_cli::sources::quote_collector: 正在采集第 34/111 批（40 只股票）
2026-04-28T06:44:38.749032Z  INFO quantix_cli::sources::quote_collector: 正在采集第 35/111 批（40 只股票）
2026-04-28T06:44:38.885404Z  INFO quantix_cli::sources::quote_collector: 正在采集第 36/111 批（40 只股票）
2026-04-28T06:44:39.023082Z  INFO quantix_cli::sources::quote_collector: 正在采集第 37/111 批（40 只股票）
2026-04-28T06:44:39.168143Z  INFO quantix_cli::sources::quote_collector: 正在采集第 38/111 批（40 只股票）
2026-04-28T06:44:39.305856Z  INFO quantix_cli::sources::quote_collector: 正在采集第 39/111 批（40 只股票）
2026-04-28T06:44:39.443645Z  INFO quantix_cli::sources::quote_collector: 正在采集第 40/111 批（40 只股票）
2026-04-28T06:44:39.602923Z  INFO quantix_cli::sources::quote_collector: 正在采集第 41/111 批（40 只股票）
2026-04-28T06:44:39.742287Z  INFO quantix_cli::sources::quote_collector: 正在采集第 42/111 批（40 只股票）
2026-04-28T06:44:39.878945Z  INFO quantix_cli::sources::quote_collector: 正在采集第 43/111 批（40 只股票）
2026-04-28T06:44:40.020955Z  INFO quantix_cli::sources::quote_collector: 正在采集第 44/111 批（40 只股票）
2026-04-28T06:44:40.158504Z  INFO quantix_cli::sources::quote_collector: 正在采集第 45/111 批（40 只股票）
2026-04-28T06:44:40.295156Z  INFO quantix_cli::sources::quote_collector: 正在采集第 46/111 批（40 只股票）
2026-04-28T06:44:40.434108Z  INFO quantix_cli::sources::quote_collector: 正在采集第 47/111 批（40 只股票）
2026-04-28T06:44:40.573225Z  INFO quantix_cli::sources::quote_collector: 正在采集第 48/111 批（40 只股票）
2026-04-28T06:44:40.713747Z  INFO quantix_cli::sources::quote_collector: 正在采集第 49/111 批（40 只股票）
2026-04-28T06:44:40.855072Z  INFO quantix_cli::sources::quote_collector: 正在采集第 50/111 批（40 只股票）
2026-04-28T06:44:40.993901Z  INFO quantix_cli::sources::quote_collector: 正在采集第 51/111 批（40 只股票）
2026-04-28T06:44:41.131670Z  INFO quantix_cli::sources::quote_collector: 正在采集第 52/111 批（40 只股票）
2026-04-28T06:44:41.270956Z  INFO quantix_cli::sources::quote_collector: 正在采集第 53/111 批（40 只股票）
2026-04-28T06:44:41.407286Z  INFO quantix_cli::sources::quote_collector: 正在采集第 54/111 批（40 只股票）
2026-04-28T06:44:41.549643Z  INFO quantix_cli::sources::quote_collector: 正在采集第 55/111 批（40 只股票）
⚠️  行情数据不完整，只解析了 39/40 只股票
2026-04-28T06:44:41.747709Z  INFO quantix_cli::sources::quote_collector: 正在采集第 56/111 批（40 只股票）
2026-04-28T06:44:41.887997Z  INFO quantix_cli::sources::quote_collector: 正在采集第 57/111 批（40 只股票）
2026-04-28T06:44:42.025944Z  INFO quantix_cli::sources::quote_collector: 正在采集第 58/111 批（40 只股票）
⚠️  行情数据不完整，只解析了 39/40 只股票
2026-04-28T06:44:42.166546Z  INFO quantix_cli::sources::quote_collector: 正在采集第 59/111 批（40 只股票）
2026-04-28T06:44:42.302315Z  INFO quantix_cli::sources::quote_collector: 正在采集第 60/111 批（40 只股票）
⚠️  行情数据不完整，只解析了 39/40 只股票
2026-04-28T06:44:42.444511Z  INFO quantix_cli::sources::quote_collector: 正在采集第 61/111 批（40 只股票）
2026-04-28T06:44:42.583701Z  INFO quantix_cli::sources::quote_collector: 正在采集第 62/111 批（40 只股票）
2026-04-28T06:44:42.755158Z  INFO quantix_cli::sources::quote_collector: 正在采集第 63/111 批（40 只股票）
2026-04-28T06:44:42.891264Z  INFO quantix_cli::sources::quote_collector: 正在采集第 64/111 批（40 只股票）
2026-04-28T06:44:43.030679Z  INFO quantix_cli::sources::quote_collector: 正在采集第 65/111 批（40 只股票）
2026-04-28T06:44:43.168995Z  INFO quantix_cli::sources::quote_collector: 正在采集第 66/111 批（40 只股票）
2026-04-28T06:44:43.306189Z  INFO quantix_cli::sources::quote_collector: 正在采集第 67/111 批（40 只股票）
2026-04-28T06:44:43.447811Z  INFO quantix_cli::sources::quote_collector: 正在采集第 68/111 批（40 只股票）
⚠️  行情数据不完整，只解析了 39/40 只股票
2026-04-28T06:44:43.613759Z  INFO quantix_cli::sources::quote_collector: 正在采集第 69/111 批（40 只股票）
2026-04-28T06:44:43.753763Z  INFO quantix_cli::sources::quote_collector: 正在采集第 70/111 批（40 只股票）
2026-04-28T06:44:43.893518Z  INFO quantix_cli::sources::quote_collector: 正在采集第 71/111 批（40 只股票）
2026-04-28T06:44:44.034545Z  INFO quantix_cli::sources::quote_collector: 正在采集第 72/111 批（40 只股票）
2026-04-28T06:44:44.175675Z  INFO quantix_cli::sources::quote_collector: 正在采集第 73/111 批（40 只股票）
2026-04-28T06:44:44.314134Z  INFO quantix_cli::sources::quote_collector: 正在采集第 74/111 批（40 只股票）
2026-04-28T06:44:44.454450Z  INFO quantix_cli::sources::quote_collector: 正在采集第 75/111 批（40 只股票）
2026-04-28T06:44:44.592540Z  INFO quantix_cli::sources::quote_collector: 正在采集第 76/111 批（40 只股票）
2026-04-28T06:44:44.733386Z  INFO quantix_cli::sources::quote_collector: 正在采集第 77/111 批（40 只股票）
2026-04-28T06:44:44.899063Z  INFO quantix_cli::sources::quote_collector: 正在采集第 78/111 批（40 只股票）
⚠️  行情数据不完整，只解析了 39/40 只股票
2026-04-28T06:44:45.046820Z  INFO quantix_cli::sources::quote_collector: 正在采集第 79/111 批（40 只股票）
2026-04-28T06:44:45.187519Z  INFO quantix_cli::sources::quote_collector: 正在采集第 80/111 批（40 只股票）
2026-04-28T06:44:45.325584Z  INFO quantix_cli::sources::quote_collector: 正在采集第 81/111 批（40 只股票）
2026-04-28T06:44:45.466083Z  INFO quantix_cli::sources::quote_collector: 正在采集第 82/111 批（40 只股票）
2026-04-28T06:44:45.607477Z  INFO quantix_cli::sources::quote_collector: 正在采集第 83/111 批（40 只股票）
2026-04-28T06:44:45.745690Z  INFO quantix_cli::sources::quote_collector: 正在采集第 84/111 批（40 只股票）
2026-04-28T06:44:45.886319Z  INFO quantix_cli::sources::quote_collector: 正在采集第 85/111 批（40 只股票）
2026-04-28T06:44:46.027052Z  INFO quantix_cli::sources::quote_collector: 正在采集第 86/111 批（40 只股票）
2026-04-28T06:44:46.165026Z  INFO quantix_cli::sources::quote_collector: 正在采集第 87/111 批（40 只股票）
2026-04-28T06:44:46.310397Z  INFO quantix_cli::sources::quote_collector: 正在采集第 88/111 批（40 只股票）
⚠️  行情数据不完整，只解析了 39/40 只股票
2026-04-28T06:44:46.449536Z  INFO quantix_cli::sources::quote_collector: 正在采集第 89/111 批（40 只股票）
2026-04-28T06:44:46.587048Z  INFO quantix_cli::sources::quote_collector: 正在采集第 90/111 批（40 只股票）
2026-04-28T06:44:46.724752Z  INFO quantix_cli::sources::quote_collector: 正在采集第 91/111 批（40 只股票）
2026-04-28T06:44:46.865324Z  INFO quantix_cli::sources::quote_collector: 正在采集第 92/111 批（40 只股票）
2026-04-28T06:44:47.038285Z  INFO quantix_cli::sources::quote_collector: 正在采集第 93/111 批（40 只股票）
2026-04-28T06:44:47.181513Z  INFO quantix_cli::sources::quote_collector: 正在采集第 94/111 批（40 只股票）
2026-04-28T06:44:47.324539Z  INFO quantix_cli::sources::quote_collector: 正在采集第 95/111 批（40 只股票）
2026-04-28T06:44:47.462712Z  INFO quantix_cli::sources::quote_collector: 正在采集第 96/111 批（40 只股票）
2026-04-28T06:44:47.674034Z  INFO quantix_cli::sources::quote_collector: 正在采集第 97/111 批（40 只股票）
2026-04-28T06:44:47.814377Z  INFO quantix_cli::sources::quote_collector: 正在采集第 98/111 批（40 只股票）
⚠️  行情数据不完整，只解析了 39/40 只股票
2026-04-28T06:44:47.951795Z  INFO quantix_cli::sources::quote_collector: 正在采集第 99/111 批（40 只股票）
2026-04-28T06:44:48.140166Z  INFO quantix_cli::sources::quote_collector: 正在采集第 100/111 批（40 只股票）
2026-04-28T06:44:48.282800Z  INFO quantix_cli::sources::quote_collector: 正在采集第 101/111 批（40 只股票）
2026-04-28T06:44:48.419999Z  INFO quantix_cli::sources::quote_collector: 正在采集第 102/111 批（40 只股票）
2026-04-28T06:44:48.557823Z  INFO quantix_cli::sources::quote_collector: 正在采集第 103/111 批（40 只股票）
2026-04-28T06:44:48.697731Z  INFO quantix_cli::sources::quote_collector: 正在采集第 104/111 批（40 只股票）
⚠️  行情数据不完整，只解析了 39/40 只股票
2026-04-28T06:44:48.834731Z  INFO quantix_cli::sources::quote_collector: 正在采集第 105/111 批（40 只股票）
⚠️  行情数据不完整，只解析了 39/40 只股票
2026-04-28T06:44:48.972172Z  INFO quantix_cli::sources::quote_collector: 正在采集第 106/111 批（40 只股票）
2026-04-28T06:44:49.110922Z  INFO quantix_cli::sources::quote_collector: 正在采集第 107/111 批（40 只股票）
2026-04-28T06:44:49.251361Z  INFO quantix_cli::sources::quote_collector: 正在采集第 108/111 批（40 只股票）
2026-04-28T06:44:49.389306Z  INFO quantix_cli::sources::quote_collector: 正在采集第 109/111 批（40 只股票）
2026-04-28T06:44:49.528897Z  INFO quantix_cli::sources::quote_collector: 正在采集第 110/111 批（40 只股票）
2026-04-28T06:44:49.684103Z  INFO quantix_cli::sources::quote_collector: 正在采集第 111/111 批（30 只股票）
2026-04-28T06:44:49.719840Z  INFO quantix_cli::sources::quote_collector: 全市场行情采集完成：共获取 4419 只股票的行情数据
2026-04-28T06:44:49.721548Z  WARN quantix_cli::market::strength: TDX fallback 仅返回部分 A 股实时行情: 4210/4430
2026-04-28T06:44:49.830656Z  INFO quantix_cli::db::clickhouse: ClickHouse 客户端初始化: http://192.168.123.104:8123 -> quantix (user: default)
2026-04-28T06:44:49.901376Z  WARN quantix_cli::market::strength: 市场基础面本地表缺失，跳过 EastMoney 单股基本面 fallback: 数据库查询失败: Query failed (404 Not Found): Code: 60. DB::Exception: Unknown table expression identifier 'market_fundamentals_daily' in scope SELECT code, max(snapshot_date) AS snapshot_date, argMax(market_cap, snapshot_date) AS market_cap, argMax(latest_report_profit, snapshot_date) AS latest_report_profit, argMax(profit_source, snapshot_date) AS profit_source, argMax(pe_dynamic, snapshot_date) AS pe_dynamic, formatDateTime(max(updated_at), '%F %T') AS updated_at FROM market_fundamentals_daily WHERE (code IN ('000027', '000037', '000059', '000096', '000155', '000159', '000301', '000407', '000421', '000531', '000539', '000543', '000552', '000554', '000571', '000591', '000593', '000600', '000601', '000637', '000669', '000690', '000692', '000698', '000703', '000722', '000723', '000767', '000791', '000803', '000819', '000862', '000875', '000883', '000899', '000937', '000958', '000966', '000968', '000983', '000985', '000993', '001210', '001896', '002015', '002039', '002128', '002221', '002256', '002259', '002267', '002408', '002476', '002479', '002493', '002554', '002608', '002616', '002617', '002629', '002648', '002700', '002778', '002828', '002893', '002911', '002986', '003035', '003816', '300125', '300135', '300139', '300157', '300164', '300191', '300317', '300332', '300335', '300435', '300483', '300839', '600011', '600021', '600023', '600025', '600027', '600028', '600032', '600098', '600101', '600116', '600121', '600123', '600149', '600157', '600163', '600167', '600188', '600236', '600256', '600310', '600333', '600339', '600346', '600348', '600395', '600396', '600397', '600403', '600408', '600452', '600483', '600505', '600508', '600509', '600546', '600578', '600583', '600617', '600635', '600642', '600644', '600674', '600681', '600688', '600719', '600725', '600726', '600740', '600744', '600758', '600777', '600780', '600792', '600795', '600800', '600803', '600863', '600868', '600871', '600886', '600900', '600903', '600905', '600917', '600956', '600968', '600969', '600971', '600979', '600982', '600985', '600995', '600997', '601001', '601011', '601015', '601016', '601088', '601101', '601139', '601222', '601225', '601233', '601619', '601666', '601699', '601778', '601808', '601857', '601898', '601908', '601918', '601985', '601991', '603053', '603080', '603105', '603113', '603318', '603353', '603393', '603619', '603689', '603693', '603706', '603727', '603798', '605011', '605028', '605090', '605162', '605169', '605368')) AND (snapshot_date <= '2026-03-14') GROUP BY code. (UNKNOWN_TABLE) (version 26.2.4.23 (official build))

== 强势板块个股排行 ==
强势板块范围: Top3
行业过滤: 煤炭
候选股数: 35
上一会计周期净利润覆盖: 0/35

按上一会计周期净利润从大到小 Top0:
📭 没有可展示的个股数据
