2026-04-27T19:37:25.801366Z  INFO quantix_cli::db::clickhouse: ClickHouse 客户端初始化: http://192.168.123.104:8123 -> quantix (user: default)
2026-04-27T19:37:28.265653Z  WARN quantix_cli::market::strength: EastMoney A股全市场快照拉取失败，开始尝试 TDX fallback: 其他错误: 获取全市场 A 股列表失败: 其他错误: curl 拉取全市场快照失败: curl: (52) Empty reply from server
2026-04-27T19:37:28.770887Z  INFO quantix_cli::sources::tdx: TDX 数据源初始化成功：3 个 TCP 连接
2026-04-27T19:37:28.770981Z  INFO quantix_cli::sources::quote_collector: 行情采集器初始化：每批 40 只股票，超时 10 秒
2026-04-27T19:37:28.771016Z  INFO quantix_cli::sources::quote_collector: 开始分批采集全市场 4430 只股票的实时行情
2026-04-27T19:37:28.771045Z  INFO quantix_cli::sources::quote_collector: 正在采集第 1/111 批（40 只股票）
2026-04-27T19:37:28.914704Z  INFO quantix_cli::sources::quote_collector: 正在采集第 2/111 批（40 只股票）
2026-04-27T19:37:29.064917Z  INFO quantix_cli::sources::quote_collector: 正在采集第 3/111 批（40 只股票）
2026-04-27T19:37:29.202691Z  INFO quantix_cli::sources::quote_collector: 正在采集第 4/111 批（40 只股票）
2026-04-27T19:37:29.344037Z  INFO quantix_cli::sources::quote_collector: 正在采集第 5/111 批（40 只股票）
2026-04-27T19:37:29.482028Z  INFO quantix_cli::sources::quote_collector: 正在采集第 6/111 批（40 只股票）
2026-04-27T19:37:29.625290Z  INFO quantix_cli::sources::quote_collector: 正在采集第 7/111 批（40 只股票）
2026-04-27T19:37:29.808627Z  INFO quantix_cli::sources::quote_collector: 正在采集第 8/111 批（40 只股票）
2026-04-27T19:37:29.947055Z  INFO quantix_cli::sources::quote_collector: 正在采集第 9/111 批（40 只股票）
2026-04-27T19:37:30.086036Z  INFO quantix_cli::sources::quote_collector: 正在采集第 10/111 批（40 只股票）
2026-04-27T19:37:30.225725Z  INFO quantix_cli::sources::quote_collector: 正在采集第 11/111 批（40 只股票）
2026-04-27T19:37:30.363998Z  INFO quantix_cli::sources::quote_collector: 正在采集第 12/111 批（40 只股票）
2026-04-27T19:37:30.514604Z  INFO quantix_cli::sources::quote_collector: 正在采集第 13/111 批（40 只股票）
2026-04-27T19:37:30.686269Z  INFO quantix_cli::sources::quote_collector: 正在采集第 14/111 批（40 只股票）
2026-04-27T19:37:30.828659Z  INFO quantix_cli::sources::quote_collector: 正在采集第 15/111 批（40 只股票）
2026-04-27T19:37:30.972649Z  INFO quantix_cli::sources::quote_collector: 正在采集第 16/111 批（40 只股票）
2026-04-27T19:37:31.119743Z  INFO quantix_cli::sources::quote_collector: 正在采集第 17/111 批（40 只股票）
2026-04-27T19:37:31.266501Z  INFO quantix_cli::sources::quote_collector: 正在采集第 18/111 批（40 只股票）
2026-04-27T19:37:31.407036Z  INFO quantix_cli::sources::quote_collector: 正在采集第 19/111 批（40 只股票）
2026-04-27T19:37:31.546214Z  INFO quantix_cli::sources::quote_collector: 正在采集第 20/111 批（40 只股票）
⚠️  行情数据不完整，只解析了 39/40 只股票
2026-04-27T19:37:31.710781Z  INFO quantix_cli::sources::quote_collector: 正在采集第 21/111 批（40 只股票）
2026-04-27T19:37:31.850115Z  INFO quantix_cli::sources::quote_collector: 正在采集第 22/111 批（40 只股票）
2026-04-27T19:37:31.992352Z  INFO quantix_cli::sources::quote_collector: 正在采集第 23/111 批（40 只股票）
2026-04-27T19:37:32.137208Z  INFO quantix_cli::sources::quote_collector: 正在采集第 24/111 批（40 只股票）
2026-04-27T19:37:32.280531Z  INFO quantix_cli::sources::quote_collector: 正在采集第 25/111 批（40 只股票）
2026-04-27T19:37:32.420764Z  INFO quantix_cli::sources::quote_collector: 正在采集第 26/111 批（40 只股票）
2026-04-27T19:37:32.558197Z  INFO quantix_cli::sources::quote_collector: 正在采集第 27/111 批（40 只股票）
2026-04-27T19:37:32.697605Z  INFO quantix_cli::sources::quote_collector: 正在采集第 28/111 批（40 只股票）
2026-04-27T19:37:32.836622Z  INFO quantix_cli::sources::quote_collector: 正在采集第 29/111 批（40 只股票）
2026-04-27T19:37:32.974069Z  INFO quantix_cli::sources::quote_collector: 正在采集第 30/111 批（40 只股票）
2026-04-27T19:37:33.114469Z  INFO quantix_cli::sources::quote_collector: 正在采集第 31/111 批（40 只股票）
2026-04-27T19:37:33.254283Z  INFO quantix_cli::sources::quote_collector: 正在采集第 32/111 批（40 只股票）
2026-04-27T19:37:33.392208Z  INFO quantix_cli::sources::quote_collector: 正在采集第 33/111 批（40 只股票）
2026-04-27T19:37:33.534570Z  INFO quantix_cli::sources::quote_collector: 正在采集第 34/111 批（40 只股票）
2026-04-27T19:37:33.674203Z  INFO quantix_cli::sources::quote_collector: 正在采集第 35/111 批（40 只股票）
2026-04-27T19:37:33.826078Z  INFO quantix_cli::sources::quote_collector: 正在采集第 36/111 批（40 只股票）
2026-04-27T19:37:33.965368Z  INFO quantix_cli::sources::quote_collector: 正在采集第 37/111 批（40 只股票）
2026-04-27T19:37:34.104286Z  INFO quantix_cli::sources::quote_collector: 正在采集第 38/111 批（40 只股票）
2026-04-27T19:37:34.239524Z  INFO quantix_cli::sources::quote_collector: 正在采集第 39/111 批（40 只股票）
2026-04-27T19:37:34.378613Z  INFO quantix_cli::sources::quote_collector: 正在采集第 40/111 批（40 只股票）
2026-04-27T19:37:34.520867Z  INFO quantix_cli::sources::quote_collector: 正在采集第 41/111 批（40 只股票）
2026-04-27T19:37:34.658442Z  INFO quantix_cli::sources::quote_collector: 正在采集第 42/111 批（40 只股票）
2026-04-27T19:37:34.797173Z  INFO quantix_cli::sources::quote_collector: 正在采集第 43/111 批（40 只股票）
2026-04-27T19:37:34.938225Z  INFO quantix_cli::sources::quote_collector: 正在采集第 44/111 批（40 只股票）
2026-04-27T19:37:35.073386Z  INFO quantix_cli::sources::quote_collector: 正在采集第 45/111 批（40 只股票）
2026-04-27T19:37:35.213322Z  INFO quantix_cli::sources::quote_collector: 正在采集第 46/111 批（40 只股票）
2026-04-27T19:37:35.357305Z  INFO quantix_cli::sources::quote_collector: 正在采集第 47/111 批（40 只股票）
2026-04-27T19:37:35.493738Z  INFO quantix_cli::sources::quote_collector: 正在采集第 48/111 批（40 只股票）
2026-04-27T19:37:35.633113Z  INFO quantix_cli::sources::quote_collector: 正在采集第 49/111 批（40 只股票）
2026-04-27T19:37:35.773104Z  INFO quantix_cli::sources::quote_collector: 正在采集第 50/111 批（40 只股票）
⚠️  行情数据不完整，只解析了 39/40 只股票
2026-04-27T19:37:35.938027Z  INFO quantix_cli::sources::quote_collector: 正在采集第 51/111 批（40 只股票）
⚠️  行情数据不完整，只解析了 39/40 只股票
2026-04-27T19:37:36.080297Z  INFO quantix_cli::sources::quote_collector: 正在采集第 52/111 批（40 只股票）
2026-04-27T19:37:36.223061Z  INFO quantix_cli::sources::quote_collector: 正在采集第 53/111 批（40 只股票）
2026-04-27T19:37:36.360847Z  INFO quantix_cli::sources::quote_collector: 正在采集第 54/111 批（40 只股票）
2026-04-27T19:37:36.502110Z  INFO quantix_cli::sources::quote_collector: 正在采集第 55/111 批（40 只股票）
⚠️  行情数据不完整，只解析了 39/40 只股票
2026-04-27T19:37:36.644278Z  INFO quantix_cli::sources::quote_collector: 正在采集第 56/111 批（40 只股票）
2026-04-27T19:37:36.784702Z  INFO quantix_cli::sources::quote_collector: 正在采集第 57/111 批（40 只股票）
2026-04-27T19:37:36.923294Z  INFO quantix_cli::sources::quote_collector: 正在采集第 58/111 批（40 只股票）
2026-04-27T19:37:37.064974Z  INFO quantix_cli::sources::quote_collector: 正在采集第 59/111 批（40 只股票）
2026-04-27T19:37:37.203058Z  INFO quantix_cli::sources::quote_collector: 正在采集第 60/111 批（40 只股票）
2026-04-27T19:37:37.342478Z  INFO quantix_cli::sources::quote_collector: 正在采集第 61/111 批（40 只股票）
2026-04-27T19:37:37.482765Z  INFO quantix_cli::sources::quote_collector: 正在采集第 62/111 批（40 只股票）
2026-04-27T19:37:37.618806Z  INFO quantix_cli::sources::quote_collector: 正在采集第 63/111 批（40 只股票）
2026-04-27T19:37:37.762805Z  INFO quantix_cli::sources::quote_collector: 正在采集第 64/111 批（40 只股票）
2026-04-27T19:37:37.928467Z  INFO quantix_cli::sources::quote_collector: 正在采集第 65/111 批（40 只股票）
2026-04-27T19:37:38.069678Z  INFO quantix_cli::sources::quote_collector: 正在采集第 66/111 批（40 只股票）
2026-04-27T19:37:38.207898Z  INFO quantix_cli::sources::quote_collector: 正在采集第 67/111 批（40 只股票）
2026-04-27T19:37:38.350567Z  INFO quantix_cli::sources::quote_collector: 正在采集第 68/111 批（40 只股票）
⚠️  行情数据不完整，只解析了 39/40 只股票
2026-04-27T19:37:38.487081Z  INFO quantix_cli::sources::quote_collector: 正在采集第 69/111 批（40 只股票）
2026-04-27T19:37:38.645215Z  INFO quantix_cli::sources::quote_collector: 正在采集第 70/111 批（40 只股票）
2026-04-27T19:37:38.784144Z  INFO quantix_cli::sources::quote_collector: 正在采集第 71/111 批（40 只股票）
2026-04-27T19:37:38.919277Z  INFO quantix_cli::sources::quote_collector: 正在采集第 72/111 批（40 只股票）
2026-04-27T19:37:39.102653Z  INFO quantix_cli::sources::quote_collector: 正在采集第 73/111 批（40 只股票）
2026-04-27T19:37:39.244440Z  INFO quantix_cli::sources::quote_collector: 正在采集第 74/111 批（40 只股票）
2026-04-27T19:37:39.381592Z  INFO quantix_cli::sources::quote_collector: 正在采集第 75/111 批（40 只股票）
2026-04-27T19:37:39.520463Z  INFO quantix_cli::sources::quote_collector: 正在采集第 76/111 批（40 只股票）
2026-04-27T19:37:39.663975Z  INFO quantix_cli::sources::quote_collector: 正在采集第 77/111 批（40 只股票）
2026-04-27T19:37:39.802234Z  INFO quantix_cli::sources::quote_collector: 正在采集第 78/111 批（40 只股票）
⚠️  行情数据不完整，只解析了 39/40 只股票
2026-04-27T19:37:39.942036Z  INFO quantix_cli::sources::quote_collector: 正在采集第 79/111 批（40 只股票）
2026-04-27T19:37:40.080161Z  INFO quantix_cli::sources::quote_collector: 正在采集第 80/111 批（40 只股票）
2026-04-27T19:37:40.221539Z  INFO quantix_cli::sources::quote_collector: 正在采集第 81/111 批（40 只股票）
2026-04-27T19:37:40.367195Z  INFO quantix_cli::sources::quote_collector: 正在采集第 82/111 批（40 只股票）
2026-04-27T19:37:40.519916Z  INFO quantix_cli::sources::quote_collector: 正在采集第 83/111 批（40 只股票）
2026-04-27T19:37:40.655497Z  INFO quantix_cli::sources::quote_collector: 正在采集第 84/111 批（40 只股票）
2026-04-27T19:37:40.794725Z  INFO quantix_cli::sources::quote_collector: 正在采集第 85/111 批（40 只股票）
2026-04-27T19:37:40.935537Z  INFO quantix_cli::sources::quote_collector: 正在采集第 86/111 批（40 只股票）
2026-04-27T19:37:41.081467Z  INFO quantix_cli::sources::quote_collector: 正在采集第 87/111 批（40 只股票）
2026-04-27T19:37:41.240641Z  INFO quantix_cli::sources::quote_collector: 正在采集第 88/111 批（40 只股票）
2026-04-27T19:37:41.380936Z  INFO quantix_cli::sources::quote_collector: 正在采集第 89/111 批（40 只股票）
2026-04-27T19:37:41.518615Z  INFO quantix_cli::sources::quote_collector: 正在采集第 90/111 批（40 只股票）
2026-04-27T19:37:41.656573Z  INFO quantix_cli::sources::quote_collector: 正在采集第 91/111 批（40 只股票）
2026-04-27T19:37:41.796524Z  INFO quantix_cli::sources::quote_collector: 正在采集第 92/111 批（40 只股票）
2026-04-27T19:37:41.931164Z  INFO quantix_cli::sources::quote_collector: 正在采集第 93/111 批（40 只股票）
2026-04-27T19:37:42.068969Z  INFO quantix_cli::sources::quote_collector: 正在采集第 94/111 批（40 只股票）
2026-04-27T19:37:42.248031Z  INFO quantix_cli::sources::quote_collector: 正在采集第 95/111 批（40 只股票）
2026-04-27T19:37:42.384882Z  INFO quantix_cli::sources::quote_collector: 正在采集第 96/111 批（40 只股票）
2026-04-27T19:37:42.522136Z  INFO quantix_cli::sources::quote_collector: 正在采集第 97/111 批（40 只股票）
2026-04-27T19:37:42.660780Z  INFO quantix_cli::sources::quote_collector: 正在采集第 98/111 批（40 只股票）
2026-04-27T19:37:42.794189Z  INFO quantix_cli::sources::quote_collector: 正在采集第 99/111 批（40 只股票）
2026-04-27T19:37:42.931846Z  INFO quantix_cli::sources::quote_collector: 正在采集第 100/111 批（40 只股票）
2026-04-27T19:37:43.069814Z  INFO quantix_cli::sources::quote_collector: 正在采集第 101/111 批（40 只股票）
2026-04-27T19:37:43.206535Z  INFO quantix_cli::sources::quote_collector: 正在采集第 102/111 批（40 只股票）
2026-04-27T19:37:43.344969Z  INFO quantix_cli::sources::quote_collector: 正在采集第 103/111 批（40 只股票）
2026-04-27T19:37:43.483210Z  INFO quantix_cli::sources::quote_collector: 正在采集第 104/111 批（40 只股票）
2026-04-27T19:37:43.624897Z  INFO quantix_cli::sources::quote_collector: 正在采集第 105/111 批（40 只股票）
2026-04-27T19:37:43.766743Z  INFO quantix_cli::sources::quote_collector: 正在采集第 106/111 批（40 只股票）
2026-04-27T19:37:43.906849Z  INFO quantix_cli::sources::quote_collector: 正在采集第 107/111 批（40 只股票）
2026-04-27T19:37:44.041461Z  INFO quantix_cli::sources::quote_collector: 正在采集第 108/111 批（40 只股票）
2026-04-27T19:37:44.178835Z  INFO quantix_cli::sources::quote_collector: 正在采集第 109/111 批（40 只股票）
2026-04-27T19:37:44.361760Z  INFO quantix_cli::sources::quote_collector: 正在采集第 110/111 批（40 只股票）
2026-04-27T19:37:44.495902Z  INFO quantix_cli::sources::quote_collector: 正在采集第 111/111 批（30 只股票）
2026-04-27T19:37:44.535443Z  INFO quantix_cli::sources::quote_collector: 全市场行情采集完成：共获取 4424 只股票的行情数据
2026-04-27T19:37:44.540307Z  WARN quantix_cli::market::strength: TDX fallback 仅返回部分 A 股实时行情: 4228/4430
2026-04-27T19:37:44.681988Z  INFO quantix_cli::db::clickhouse: ClickHouse 客户端初始化: http://192.168.123.104:8123 -> quantix (user: default)
2026-04-27T19:37:44.758289Z  WARN quantix_cli::market::strength: 市场基础面本地表缺失，跳过 EastMoney 单股基本面 fallback: 数据库查询失败: Query failed (404 Not Found): Code: 60. DB::Exception: Unknown table expression identifier 'market_fundamentals_daily' in scope SELECT code, max(snapshot_date) AS snapshot_date, argMax(market_cap, snapshot_date) AS market_cap, argMax(latest_report_profit, snapshot_date) AS latest_report_profit, argMax(profit_source, snapshot_date) AS profit_source, argMax(pe_dynamic, snapshot_date) AS pe_dynamic, formatDateTime(max(updated_at), '%F %T') AS updated_at FROM market_fundamentals_daily WHERE (code IN ('000008', '000020', '000021', '000039', '000045', '000050', '000062', '000100', '000157', '000410', '000425', '000523', '000528', '000530', '000536', '000595', '000615', '000636', '000670', '000680', '000701', '000725', '000727', '000777', '000811', '000821', '000823', '000837', '000852', '000856', '000890', '000925', '000988', '001206', '001696', '002006', '002008', '002009', '002021', '002026', '002031', '002036', '002045', '002046', '002049', '002055', '002073', '002077', '002079', '002094', '002097', '002106', '002111', '002119', '002122', '002130', '002132', '002134', '002138', '002139', '002141', '002150', '002156', '002158', '002161', '002164', '002180', '002184', '002185', '002199', '002204', '002209', '002217', '002222', '002241', '002243', '002248', '002272', '002273', '002278', '002282', '002289', '002334', '002337', '002342', '002347', '002351', '002353', '002367', '002369', '002371', '002384', '002387', '002388', '002402', '002409', '002426', '002430', '002436', '002438', '002444', '002449', '002456', '002463', '002475', '002480', '002483', '002484', '002490', '002511', '002514', '002520', '002523', '002526', '002527', '002529', '002535', '002547', '002552', '002559', '002564', '002579', '002584', '002587', '002595', '002598', '002600', '002611', '002633', '002635', '002636', '002639', '002643', '002651', '002654', '002655', '002660', '002667', '002681', '002685', '002686', '002689', '002690', '002691', '002698', '002724', '002729', '002730', '002741', '002745', '002747', '002757', '002760', '002765', '002767', '002774', '002779', '002782', '002786', '002795', '002796', '002808', '002815', '002816', '002819', '002833', '002837', '002843', '002845', '002849', '002855', '002859', '002861', '002866', '002869', '002870', '002871', '002876', '002877', '002881', '002884', '002885', '002888', '002890', '002896', '002903', '002913', '002916', '002919', '002922', '002925', '002931', '002937', '002938', '002943', '002947', '002952', '002955', '002957', '002960', '002962', '002965', '002972', '002975', '002976', '002979', '002981', '002983', '002992', '002993', '003006', '003015', '003019', '003025', '003026', '003028', '003036', '003043', '300004', '300007', '300011', '300024', '300032', '300046', '300048', '300053', '300054', '300066', '300076', '300077', '300080', '300083', '300084', '300088', '300091', '300092', '300095', '300097', '300099', '300102', '300103', '300112', '300115', '300120', '300124', '300126', '300128', '300131', '300132', '300136', '300145', '300151', '300154', '300161', '300162', '300165', '300173', '300179', '300184', '300193', '300195', '300201', '300219', '300220', '300223', '300227', '300228', '300232', '300236', '300241', '300256', '300257', '300259', '300260', '300263', '300275', '300276', '300278', '300279', '300281', '300293', '300296', '300301', '300303', '300306', '300307', '300319', '300322', '300323', '300327', '300331', '300345', '300346', '300349', '300351', '300354', '300370', '300371', '300373', '300382', '300389', '300390', '300398', '300400', '300402', '300408', '300410', '300411', '300412', '300415', '300416', '300417', '300420', '300421', '300429', '300430', '300433', '300441', '300442', '300445', '300446', '300456', '300458', '300460', '300461', '300470', '300471', '300472', '300476', '300480', '300481', '300484', '300486', '300488', '300493', '300499', '300503', '300509', '300512', '300515', '300516', '300521', '300537', '300540', '300543', '300545', '300549', '300553', '300554', '300557', '300566', '300567', '300576', '300582', '300594', '300602', '300604', '300606', '300607', '300613', '300623', '300629', '300632', '300637', '300647', '300650', '300655', '300656', '300657', '300658', '300661', '300666', '300667', '300669', '300671', '300672', '300679', '300684', '300686', '300700', '300701', '300706', '300708', '300709', '300718', '300720', '300735', '300736', '300739', '300740', '300747', '300752', '300757', '300780', '300782', '300787', '300793', '300802', '300808', '300809', '300812', '300813', '300817', '300818', '300822', '300823', '300828', '300831', '300833', '300836', '300837', '300838', '300843', '300849', '300851', '300852', '300853', '300856', '300857', '300861', '300862', '300865', '300866', '300868', '300879', '300885', '300886', '300888', '300889', '300896', '300897', '300902', '300903', '300906', '300909', '300916', '300923', '300931', '300936', '300939', '300940', '300943', '300946', '300950', '300951', '300953', '300955', '300956', '300957', '300960', '300968', '300971', '300975', '300976', '300984', '300985', '300988', '300990', '300991', '300992', '301006', '301009', '301011', '301013', '301016', '301018', '301021', '301028', '301029', '301031', '301032', '600031', '600071', '600114', '600130', '600169', '600171', '600172', '600183', '600198', '600203', '600206', '600232', '600237', '600243', '600249', '600262', '600288', '600302', '600315', '600320', '600330', '600353', '600360', '600363', '600375', '600421', '600444', '600460', '600481', '600495', '600499', '600501', '600520', '600528', '600545', '600552', '600558', '600560', '600563', '600579', '600582', '600584', '600592', '600601', '600651', '600666', '600667', '600703', '600707', '600745', '600751', '600761', '600815', '600817', '600835', '600843', '600860', '600894', '600984', '600992', '601002', '601038', '601100', '601106', '601138', '601177', '601231', '601369', '601399', '601608', '601717', '601766', '601798', '601882', '603005', '603011', '603012', '603015', '603025', '603028', '603029', '603036', '603059', '603068', '603076', '603078', '603088', '603090', '603095', '603100', '603111', '603131', '603159', '603160', '603169', '603186', '603187', '603203', '603228', '603238', '603269', '603277', '603278', '603283', '603289', '603290', '603297', '603298', '603308', '603315', '603321', '603327', '603328', '603331', '603337', '603338', '603339', '603356', '603380', '603386', '603416', '603488', '603500', '603501', '603583', '603595', '603605', '603611', '603617', '603626', '603629', '603630', '603633', '603638', '603656', '603662', '603666', '603667', '603679', '603680', '603685', '603690', '603698', '603699', '603700', '603703', '603738', '603757', '603773', '603789', '603800', '603855', '603859', '603890', '603893', '603895', '603901', '603912', '603915', '603920', '603931', '603933', '603936', '603956', '603960', '603966', '603969', '603983', '603985', '603986', '603989', '605001', '605009', '605056', '605058', '605060', '605100', '605111', '605186', '605218', '605258', '605259', '605277', '605286', '605288', '605298', '605305', '605358', '605389', '688001', '688003', '688007', '688008', '688009', '688010', '688012', '688015', '688017', '688018', '688019', '688020', '688022', '688025', '688028', '688033', '688036', '688037', '688055', '688056', '688059', '688071', '688079', '688090', '688092', '688093', '688097', '688099', '688106', '688113', '688123', '688126', '688127', '688128', '688135', '688138', '688160', '688165', '688181', '688183', '688195', '688200', '688215', '688216', '688218', '688233', '688256', '688260', '688268', '688286', '688299', '688305', '688308', '688310', '688312', '688328', '688329', '688333', '688355', '688359', '688360', '688363', '688367', '688368', '688377', '688378', '688379', '688383', '688395', '688396', '688425', '688508', '688518', '688519', '688521', '688528', '688529', '688536', '688538', '688550', '688557', '688558', '688559', '688569', '688577', '688589', '688595', '688596', '688601', '688608', '688628', '688630', '688633', '688655', '688661', '688662', '688665', '688678', '688683', '688686', '688689', '688698', '688699', '688700', '688768', '688777', '688789', '688800', '688981')) AND (snapshot_date <= '2026-03-14') GROUP BY code. (UNKNOWN_TABLE) (version 26.2.4.23 (official build))

== 强势板块个股排行 ==
强势板块范围: Top3
行业过滤: 电子
候选股数: 319
上一会计周期净利润覆盖: 0/319

按上一会计周期净利润从大到小 Top0:
📭 没有可展示的个股数据
