2026-04-26T15:04:12.500117Z  INFO quantix_cli::db::clickhouse: ClickHouse 客户端初始化: http://192.168.123.104:8123 -> quantix (user: default)
2026-04-26T15:04:14.874123Z  WARN quantix_cli::market::strength: EastMoney A股全市场快照拉取失败，开始尝试 TDX fallback: 其他错误: 获取全市场 A 股列表失败: 其他错误: curl 拉取全市场快照失败: curl: (52) Empty reply from server
2026-04-26T15:04:15.555536Z  INFO quantix_cli::sources::tdx: TDX 数据源初始化成功：3 个 TCP 连接
2026-04-26T15:04:15.555607Z  INFO quantix_cli::sources::quote_collector: 行情采集器初始化：每批 80 只股票，超时 10 秒
2026-04-26T15:04:15.555636Z  INFO quantix_cli::sources::quote_collector: 开始分批采集全市场 4430 只股票的实时行情
2026-04-26T15:04:15.555652Z  INFO quantix_cli::sources::quote_collector: 正在采集第 1/56 批（80 只股票）
2026-04-26T15:04:16.987963Z  INFO quantix_cli::sources::quote_collector: 正在采集第 2/56 批（80 只股票）
2026-04-26T15:04:17.125887Z  INFO quantix_cli::sources::quote_collector: 正在采集第 3/56 批（80 只股票）
2026-04-26T15:04:17.262328Z  INFO quantix_cli::sources::quote_collector: 正在采集第 4/56 批（80 只股票）
2026-04-26T15:04:22.275122Z  WARN quantix_cli::sources::quote_collector: 采集行情失败: 数据源错误: TDX 接收失败: Resource temporarily unavailable (os error 11)
2026-04-26T15:04:22.275377Z  WARN quantix_cli::sources::quote_collector: 第 4/56 批采集失败: 数据源错误: TDX 接收失败: Resource temporarily unavailable (os error 11), 跳过该批次
2026-04-26T15:04:22.376497Z  INFO quantix_cli::sources::quote_collector: 正在采集第 5/56 批（80 只股票）
2026-04-26T15:04:22.516650Z  INFO quantix_cli::sources::quote_collector: 正在采集第 6/56 批（80 只股票）
2026-04-26T15:04:22.655192Z  INFO quantix_cli::sources::quote_collector: 正在采集第 7/56 批（80 只股票）
2026-04-26T15:04:22.759897Z  INFO quantix_cli::sources::quote_collector: 正在采集第 8/56 批（80 只股票）
2026-04-26T15:04:22.898638Z  INFO quantix_cli::sources::quote_collector: 正在采集第 9/56 批（80 只股票）
2026-04-26T15:04:23.035255Z  INFO quantix_cli::sources::quote_collector: 正在采集第 10/56 批（80 只股票）
2026-04-26T15:04:28.162244Z  WARN quantix_cli::sources::quote_collector: 采集行情失败: 数据源错误: TDX 接收失败: Resource temporarily unavailable (os error 11)
2026-04-26T15:04:28.162308Z  WARN quantix_cli::sources::quote_collector: 第 10/56 批采集失败: 数据源错误: TDX 接收失败: Resource temporarily unavailable (os error 11), 跳过该批次
2026-04-26T15:04:28.263592Z  INFO quantix_cli::sources::quote_collector: 正在采集第 11/56 批（80 只股票）
2026-04-26T15:04:28.401092Z  INFO quantix_cli::sources::quote_collector: 正在采集第 12/56 批（80 只股票）
2026-04-26T15:04:28.536919Z  INFO quantix_cli::sources::quote_collector: 正在采集第 13/56 批（80 只股票）
2026-04-26T15:04:33.538262Z  WARN quantix_cli::sources::quote_collector: 采集行情失败: 数据源错误: TDX 接收失败: Resource temporarily unavailable (os error 11)
2026-04-26T15:04:33.538325Z  WARN quantix_cli::sources::quote_collector: 第 13/56 批采集失败: 数据源错误: TDX 接收失败: Resource temporarily unavailable (os error 11), 跳过该批次
2026-04-26T15:04:33.639016Z  INFO quantix_cli::sources::quote_collector: 正在采集第 14/56 批（80 只股票）
2026-04-26T15:04:33.778498Z  INFO quantix_cli::sources::quote_collector: 正在采集第 15/56 批（80 只股票）
2026-04-26T15:04:33.917814Z  INFO quantix_cli::sources::quote_collector: 正在采集第 16/56 批（80 只股票）
2026-04-26T15:04:39.170638Z  WARN quantix_cli::sources::quote_collector: 采集行情失败: 数据源错误: TDX 接收失败: Resource temporarily unavailable (os error 11)
2026-04-26T15:04:39.170795Z  WARN quantix_cli::sources::quote_collector: 第 16/56 批采集失败: 数据源错误: TDX 接收失败: Resource temporarily unavailable (os error 11), 跳过该批次
2026-04-26T15:04:39.272783Z  INFO quantix_cli::sources::quote_collector: 正在采集第 17/56 批（80 只股票）
2026-04-26T15:04:39.412769Z  INFO quantix_cli::sources::quote_collector: 正在采集第 18/56 批（80 只股票）
2026-04-26T15:04:39.550531Z  INFO quantix_cli::sources::quote_collector: 正在采集第 19/56 批（80 只股票）
2026-04-26T15:04:48.130580Z  WARN quantix_cli::sources::quote_collector: 采集行情失败: 数据源错误: TDX 接收失败: Resource temporarily unavailable (os error 11)
2026-04-26T15:04:48.130688Z  WARN quantix_cli::sources::quote_collector: 第 19/56 批采集失败: 数据源错误: TDX 接收失败: Resource temporarily unavailable (os error 11), 跳过该批次
2026-04-26T15:04:48.233115Z  INFO quantix_cli::sources::quote_collector: 正在采集第 20/56 批（80 只股票）
2026-04-26T15:04:48.395764Z  INFO quantix_cli::sources::quote_collector: 正在采集第 21/56 批（80 只股票）
2026-04-26T15:04:48.530953Z  INFO quantix_cli::sources::quote_collector: 正在采集第 22/56 批（80 只股票）
2026-04-26T15:04:53.766257Z  WARN quantix_cli::sources::quote_collector: 采集行情失败: 数据源错误: TDX 接收失败: Resource temporarily unavailable (os error 11)
2026-04-26T15:04:53.766320Z  WARN quantix_cli::sources::quote_collector: 第 22/56 批采集失败: 数据源错误: TDX 接收失败: Resource temporarily unavailable (os error 11), 跳过该批次
2026-04-26T15:04:53.866775Z  INFO quantix_cli::sources::quote_collector: 正在采集第 23/56 批（80 只股票）
2026-04-26T15:04:54.004818Z  INFO quantix_cli::sources::quote_collector: 正在采集第 24/56 批（80 只股票）
2026-04-26T15:04:54.141056Z  INFO quantix_cli::sources::quote_collector: 正在采集第 25/56 批（80 只股票）
2026-04-26T15:04:59.394865Z  WARN quantix_cli::sources::quote_collector: 采集行情失败: 数据源错误: TDX 接收失败: Resource temporarily unavailable (os error 11)
2026-04-26T15:04:59.395149Z  WARN quantix_cli::sources::quote_collector: 第 25/56 批采集失败: 数据源错误: TDX 接收失败: Resource temporarily unavailable (os error 11), 跳过该批次
2026-04-26T15:04:59.496836Z  INFO quantix_cli::sources::quote_collector: 正在采集第 26/56 批（80 只股票）
2026-04-26T15:04:59.638806Z  INFO quantix_cli::sources::quote_collector: 正在采集第 27/56 批（80 只股票）
2026-04-26T15:04:59.777047Z  INFO quantix_cli::sources::quote_collector: 正在采集第 28/56 批（80 只股票）
2026-04-26T15:05:05.026693Z  WARN quantix_cli::sources::quote_collector: 采集行情失败: 数据源错误: TDX 接收失败: Resource temporarily unavailable (os error 11)
2026-04-26T15:05:05.026894Z  WARN quantix_cli::sources::quote_collector: 第 28/56 批采集失败: 数据源错误: TDX 接收失败: Resource temporarily unavailable (os error 11), 跳过该批次
2026-04-26T15:05:05.128779Z  INFO quantix_cli::sources::quote_collector: 正在采集第 29/56 批（80 只股票）
2026-04-26T15:05:05.276810Z  INFO quantix_cli::sources::quote_collector: 正在采集第 30/56 批（80 只股票）
⚠️  行情数据不完整，只解析了 79/80 只股票
2026-04-26T15:05:05.414177Z  INFO quantix_cli::sources::quote_collector: 正在采集第 31/56 批（80 只股票）
2026-04-26T15:05:15.270751Z  WARN quantix_cli::sources::quote_collector: 采集行情失败: 数据源错误: TDX 接收失败: Resource temporarily unavailable (os error 11)
2026-04-26T15:05:15.270982Z  WARN quantix_cli::sources::quote_collector: 第 31/56 批采集失败: 数据源错误: TDX 接收失败: Resource temporarily unavailable (os error 11), 跳过该批次
2026-04-26T15:05:15.372075Z  INFO quantix_cli::sources::quote_collector: 正在采集第 32/56 批（80 只股票）
2026-04-26T15:05:15.509456Z  INFO quantix_cli::sources::quote_collector: 正在采集第 33/56 批（80 只股票）
2026-04-26T15:05:15.647523Z  INFO quantix_cli::sources::quote_collector: 正在采集第 34/56 批（80 只股票）
2026-04-26T15:05:20.898859Z  WARN quantix_cli::sources::quote_collector: 采集行情失败: 数据源错误: TDX 接收失败: Resource temporarily unavailable (os error 11)
2026-04-26T15:05:20.899091Z  WARN quantix_cli::sources::quote_collector: 第 34/56 批采集失败: 数据源错误: TDX 接收失败: Resource temporarily unavailable (os error 11), 跳过该批次
2026-04-26T15:05:21.000161Z  INFO quantix_cli::sources::quote_collector: 正在采集第 35/56 批（80 只股票）
2026-04-26T15:05:21.138405Z  INFO quantix_cli::sources::quote_collector: 正在采集第 36/56 批（80 只股票）
2026-04-26T15:05:21.276059Z  INFO quantix_cli::sources::quote_collector: 正在采集第 37/56 批（80 只股票）
2026-04-26T15:05:26.530344Z  WARN quantix_cli::sources::quote_collector: 采集行情失败: 数据源错误: TDX 接收失败: Resource temporarily unavailable (os error 11)
2026-04-26T15:05:26.530413Z  WARN quantix_cli::sources::quote_collector: 第 37/56 批采集失败: 数据源错误: TDX 接收失败: Resource temporarily unavailable (os error 11), 跳过该批次
2026-04-26T15:05:26.631621Z  INFO quantix_cli::sources::quote_collector: 正在采集第 38/56 批（80 只股票）
2026-04-26T15:05:26.771032Z  INFO quantix_cli::sources::quote_collector: 正在采集第 39/56 批（80 只股票）
⚠️  行情数据不完整，只解析了 79/80 只股票
2026-04-26T15:05:26.908201Z  INFO quantix_cli::sources::quote_collector: 正在采集第 40/56 批（80 只股票）
2026-04-26T15:05:32.162815Z  WARN quantix_cli::sources::quote_collector: 采集行情失败: 数据源错误: TDX 接收失败: Resource temporarily unavailable (os error 11)
2026-04-26T15:05:32.163063Z  WARN quantix_cli::sources::quote_collector: 第 40/56 批采集失败: 数据源错误: TDX 接收失败: Resource temporarily unavailable (os error 11), 跳过该批次
2026-04-26T15:05:32.264772Z  INFO quantix_cli::sources::quote_collector: 正在采集第 41/56 批（80 只股票）
2026-04-26T15:05:32.405494Z  INFO quantix_cli::sources::quote_collector: 正在采集第 42/56 批（80 只股票）
2026-04-26T15:05:32.543686Z  INFO quantix_cli::sources::quote_collector: 正在采集第 43/56 批（80 只股票）
2026-04-26T15:05:37.794731Z  WARN quantix_cli::sources::quote_collector: 采集行情失败: 数据源错误: TDX 接收失败: Resource temporarily unavailable (os error 11)
2026-04-26T15:05:37.794974Z  WARN quantix_cli::sources::quote_collector: 第 43/56 批采集失败: 数据源错误: TDX 接收失败: Resource temporarily unavailable (os error 11), 跳过该批次
2026-04-26T15:05:37.896024Z  INFO quantix_cli::sources::quote_collector: 正在采集第 44/56 批（80 只股票）
2026-04-26T15:05:38.064751Z  INFO quantix_cli::sources::quote_collector: 正在采集第 45/56 批（80 只股票）
2026-04-26T15:05:38.205171Z  INFO quantix_cli::sources::quote_collector: 正在采集第 46/56 批（80 只股票）
2026-04-26T15:05:43.426384Z  WARN quantix_cli::sources::quote_collector: 采集行情失败: 数据源错误: TDX 接收失败: Resource temporarily unavailable (os error 11)
2026-04-26T15:05:43.426483Z  WARN quantix_cli::sources::quote_collector: 第 46/56 批采集失败: 数据源错误: TDX 接收失败: Resource temporarily unavailable (os error 11), 跳过该批次
2026-04-26T15:05:43.528809Z  INFO quantix_cli::sources::quote_collector: 正在采集第 47/56 批（80 只股票）
2026-04-26T15:05:43.669915Z  INFO quantix_cli::sources::quote_collector: 正在采集第 48/56 批（80 只股票）
2026-04-26T15:05:43.809603Z  INFO quantix_cli::sources::quote_collector: 正在采集第 49/56 批（80 只股票）
2026-04-26T15:05:49.058243Z  WARN quantix_cli::sources::quote_collector: 采集行情失败: 数据源错误: TDX 接收失败: Resource temporarily unavailable (os error 11)
2026-04-26T15:05:49.058304Z  WARN quantix_cli::sources::quote_collector: 第 49/56 批采集失败: 数据源错误: TDX 接收失败: Resource temporarily unavailable (os error 11), 跳过该批次
2026-04-26T15:05:49.160126Z  INFO quantix_cli::sources::quote_collector: 正在采集第 50/56 批（80 只股票）
2026-04-26T15:05:49.302689Z  INFO quantix_cli::sources::quote_collector: 正在采集第 51/56 批（80 只股票）
2026-04-26T15:05:49.439814Z  INFO quantix_cli::sources::quote_collector: 正在采集第 52/56 批（80 只股票）
2026-04-26T15:05:54.690674Z  WARN quantix_cli::sources::quote_collector: 采集行情失败: 数据源错误: TDX 接收失败: Resource temporarily unavailable (os error 11)
2026-04-26T15:05:54.690822Z  WARN quantix_cli::sources::quote_collector: 第 52/56 批采集失败: 数据源错误: TDX 接收失败: Resource temporarily unavailable (os error 11), 跳过该批次
2026-04-26T15:05:54.792842Z  INFO quantix_cli::sources::quote_collector: 正在采集第 53/56 批（80 只股票）
2026-04-26T15:05:54.962260Z  INFO quantix_cli::sources::quote_collector: 正在采集第 54/56 批（80 只股票）
2026-04-26T15:05:55.102250Z  INFO quantix_cli::sources::quote_collector: 正在采集第 55/56 批（80 只股票）
2026-04-26T15:06:00.322241Z  WARN quantix_cli::sources::quote_collector: 采集行情失败: 数据源错误: TDX 接收失败: Resource temporarily unavailable (os error 11)
2026-04-26T15:06:00.322300Z  WARN quantix_cli::sources::quote_collector: 第 55/56 批采集失败: 数据源错误: TDX 接收失败: Resource temporarily unavailable (os error 11), 跳过该批次
2026-04-26T15:06:00.423367Z  INFO quantix_cli::sources::quote_collector: 正在采集第 56/56 批（30 只股票）
2026-04-26T15:06:00.458868Z  INFO quantix_cli::sources::quote_collector: 全市场行情采集完成：共获取 3068 只股票的行情数据
2026-04-26T15:06:00.459988Z  WARN quantix_cli::market::strength: TDX fallback 仅返回部分 A 股实时行情: 2923/4430
2026-04-26T15:06:00.537480Z  INFO quantix_cli::db::clickhouse: ClickHouse 客户端初始化: http://192.168.123.104:8123 -> quantix (user: default)
2026-04-26T15:06:00.601938Z  WARN quantix_cli::market::strength: 市场基础面本地表查询失败，开始尝试 EastMoney 单股基本面 fallback: 数据库查询失败: Query failed (404 Not Found): Code: 60. DB::Exception: Unknown table expression identifier 'market_fundamentals_daily' in scope SELECT code, max(snapshot_date) AS snapshot_date, argMax(market_cap, snapshot_date) AS market_cap, argMax(latest_report_profit, snapshot_date) AS latest_report_profit, argMax(profit_source, snapshot_date) AS profit_source, argMax(pe_dynamic, snapshot_date) AS pe_dynamic, formatDateTime(max(updated_at), '%F %T') AS updated_at FROM market_fundamentals_daily WHERE (code IN ('000027', '000037', '000088', '000089', '000099', '000155', '000156', '000407', '000421', '000429', '000507', '000520', '000529', '000531', '000539', '000543', '000548', '000557', '000582', '000591', '000593', '000600', '000601', '000607', '000626', '000665', '000669', '000676', '000681', '000690', '000692', '000719', '000722', '000755', '000767', '000791', '000793', '000802', '000803', '000828', '000862', '000875', '000883', '000885', '000886', '000892', '000899', '000900', '000905', '000906', '000917', '000958', '000966', '000993', '001202', '001205', '001210', '001872', '001896', '001965', '002010', '002095', '002103', '002120', '002131', '002137', '002168', '002174', '002181', '002183', '002188', '002210', '002238', '002247', '002343', '002352', '002354', '002357', '002400', '002425', '002445', '002468', '002479', '002492', '002591', '002602', '002608', '002616', '002617', '002624', '002627', '002682', '002700', '002712', '002739', '002889', '002893', '002905', '002911', '002928', '002930', '002995', '300051', '300052', '300058', '300061', '300063', '300071', '300113', '300125', '300133', '300139', '300148', '300182', '300295', '300299', '300315', '300317', '300332', '300335', '300343', '300350', '300364', '300413', '300418', '300426', '300435', '300612', '300654', '300788', '300805', '300873', '600011', '600012', '600017', '600018', '600020', '600021', '600023', '600025', '600026', '600027', '600029', '600032', '600033', '600035', '600037', '600052', '600057', '600088', '600098', '600101', '600106', '600115', '600116', '600119', '600125', '600149', '600153', '600163', '600167', '600179', '600180', '600310', '600333', '600350', '600358', '600368', '600373', '600377', '600396', '600428', '600452', '600483', '600505', '600509', '600611', '600617', '600633', '600635', '600637', '600640', '600642', '600644', '600650', '600662', '600674', '600681', '600704', '600715', '600717', '600719', '600726', '600744', '600753', '600755', '600757', '600780', '600886', '600892', '600897', '600900', '600903', '600905', '600917', '600936', '600956', '600959', '600969', '600977', '600979', '600982', '600986', '600995', '600996', '601000', '601006', '601008', '601016', '601018', '601019', '601021', '601098', '601107', '601111', '601139', '601156', '601188', '601222', '601228', '601298', '601858', '601866', '601872', '601880', '601900', '601908', '601919', '601921', '601928', '601929', '601949', '601975', '601985', '601991', '601999', '603000', '603032', '603053', '603066', '603069', '603080', '603096', '603103', '603105', '603117', '603128', '603167', '603329', '603393', '603444', '603533', '603535', '603565', '603569', '603598', '603648', '603871', '603885', '603888', '603967', '603999', '605011', '605028', '605050', '605090', '605162', '605168', '605169')) AND (snapshot_date <= '2026-03-09') GROUP BY code. (UNKNOWN_TABLE) (version 26.2.4.23 (official build))

== 强势板块个股排行 ==
强势板块范围: Top3
行业过滤: 交通运输
候选股数: 0
上一会计周期净利润覆盖: 0/0

按上一会计周期净利润从大到小 Top0:
📭 没有可展示的个股数据
