2026-04-28T16:15:19.924399Z  INFO quantix_cli::db::clickhouse: ClickHouse 客户端初始化: http://192.168.123.104:8123 -> quantix (user: default)
2026-04-28T16:15:22.941325Z  WARN quantix_cli::market::strength: EastMoney A股全市场快照拉取失败，开始尝试 TDX fallback: 其他错误: 获取全市场 A 股列表失败: 其他错误: curl 拉取全市场快照失败: curl: (52) Empty reply from server
2026-04-28T16:15:23.378498Z  INFO quantix_cli::sources::tdx: TDX 数据源初始化成功：3 个 TCP 连接
2026-04-28T16:15:23.378552Z  INFO quantix_cli::sources::quote_collector: 行情采集器初始化：每批 40 只股票，超时 10 秒
2026-04-28T16:15:23.378578Z  INFO quantix_cli::sources::quote_collector: 开始分批采集全市场 4430 只股票的实时行情
2026-04-28T16:15:23.378600Z  INFO quantix_cli::sources::quote_collector: 正在采集第 1/111 批（40 只股票）
2026-04-28T16:15:23.520218Z  INFO quantix_cli::sources::quote_collector: 正在采集第 2/111 批（40 只股票）
2026-04-28T16:15:23.663105Z  INFO quantix_cli::sources::quote_collector: 正在采集第 3/111 批（40 只股票）
2026-04-28T16:15:23.809860Z  INFO quantix_cli::sources::quote_collector: 正在采集第 4/111 批（40 只股票）
2026-04-28T16:15:23.950263Z  INFO quantix_cli::sources::quote_collector: 正在采集第 5/111 批（40 只股票）
2026-04-28T16:15:24.097799Z  INFO quantix_cli::sources::quote_collector: 正在采集第 6/111 批（40 只股票）
2026-04-28T16:15:24.241435Z  INFO quantix_cli::sources::quote_collector: 正在采集第 7/111 批（40 只股票）
2026-04-28T16:15:24.399943Z  INFO quantix_cli::sources::quote_collector: 正在采集第 8/111 批（40 只股票）
2026-04-28T16:15:24.538395Z  INFO quantix_cli::sources::quote_collector: 正在采集第 9/111 批（40 只股票）
2026-04-28T16:15:24.675204Z  INFO quantix_cli::sources::quote_collector: 正在采集第 10/111 批（40 只股票）
2026-04-28T16:15:24.847311Z  INFO quantix_cli::sources::quote_collector: 正在采集第 11/111 批（40 只股票）
2026-04-28T16:15:24.987271Z  INFO quantix_cli::sources::quote_collector: 正在采集第 12/111 批（40 只股票）
2026-04-28T16:15:25.127715Z  INFO quantix_cli::sources::quote_collector: 正在采集第 13/111 批（40 只股票）
2026-04-28T16:15:25.265927Z  INFO quantix_cli::sources::quote_collector: 正在采集第 14/111 批（40 只股票）
2026-04-28T16:15:25.407178Z  INFO quantix_cli::sources::quote_collector: 正在采集第 15/111 批（40 只股票）
2026-04-28T16:15:25.546125Z  INFO quantix_cli::sources::quote_collector: 正在采集第 16/111 批（40 只股票）
2026-04-28T16:15:25.691278Z  INFO quantix_cli::sources::quote_collector: 正在采集第 17/111 批（40 只股票）
2026-04-28T16:15:25.838873Z  INFO quantix_cli::sources::quote_collector: 正在采集第 18/111 批（40 只股票）
2026-04-28T16:15:25.974747Z  INFO quantix_cli::sources::quote_collector: 正在采集第 19/111 批（40 只股票）
2026-04-28T16:15:26.115537Z  INFO quantix_cli::sources::quote_collector: 正在采集第 20/111 批（40 只股票）
⚠️  行情数据不完整，只解析了 39/40 只股票
2026-04-28T16:15:26.257055Z  INFO quantix_cli::sources::quote_collector: 正在采集第 21/111 批（40 只股票）
2026-04-28T16:15:26.393972Z  INFO quantix_cli::sources::quote_collector: 正在采集第 22/111 批（40 只股票）
2026-04-28T16:15:26.532676Z  INFO quantix_cli::sources::quote_collector: 正在采集第 23/111 批（40 只股票）
2026-04-28T16:15:26.670031Z  INFO quantix_cli::sources::quote_collector: 正在采集第 24/111 批（40 只股票）
2026-04-28T16:15:26.806421Z  INFO quantix_cli::sources::quote_collector: 正在采集第 25/111 批（40 只股票）
2026-04-28T16:15:26.993247Z  INFO quantix_cli::sources::quote_collector: 正在采集第 26/111 批（40 只股票）
2026-04-28T16:15:27.131270Z  INFO quantix_cli::sources::quote_collector: 正在采集第 27/111 批（40 只股票）
2026-04-28T16:15:27.267989Z  INFO quantix_cli::sources::quote_collector: 正在采集第 28/111 批（40 只股票）
2026-04-28T16:15:27.404083Z  INFO quantix_cli::sources::quote_collector: 正在采集第 29/111 批（40 只股票）
2026-04-28T16:15:27.544019Z  INFO quantix_cli::sources::quote_collector: 正在采集第 30/111 批（40 只股票）
2026-04-28T16:15:27.689877Z  INFO quantix_cli::sources::quote_collector: 正在采集第 31/111 批（40 只股票）
2026-04-28T16:15:27.826377Z  INFO quantix_cli::sources::quote_collector: 正在采集第 32/111 批（40 只股票）
2026-04-28T16:15:27.966345Z  INFO quantix_cli::sources::quote_collector: 正在采集第 33/111 批（40 只股票）
2026-04-28T16:15:28.111465Z  INFO quantix_cli::sources::quote_collector: 正在采集第 34/111 批（40 只股票）
2026-04-28T16:15:28.248279Z  INFO quantix_cli::sources::quote_collector: 正在采集第 35/111 批（40 只股票）
2026-04-28T16:15:28.385102Z  INFO quantix_cli::sources::quote_collector: 正在采集第 36/111 批（40 只股票）
2026-04-28T16:15:28.525471Z  INFO quantix_cli::sources::quote_collector: 正在采集第 37/111 批（40 只股票）
2026-04-28T16:15:28.665646Z  INFO quantix_cli::sources::quote_collector: 正在采集第 38/111 批（40 只股票）
2026-04-28T16:15:28.803531Z  INFO quantix_cli::sources::quote_collector: 正在采集第 39/111 批（40 只股票）
2026-04-28T16:15:28.938574Z  INFO quantix_cli::sources::quote_collector: 正在采集第 40/111 批（40 只股票）
2026-04-28T16:15:29.106423Z  INFO quantix_cli::sources::quote_collector: 正在采集第 41/111 批（40 只股票）
2026-04-28T16:15:29.243252Z  INFO quantix_cli::sources::quote_collector: 正在采集第 42/111 批（40 只股票）
2026-04-28T16:15:29.380074Z  INFO quantix_cli::sources::quote_collector: 正在采集第 43/111 批（40 只股票）
2026-04-28T16:15:29.516119Z  INFO quantix_cli::sources::quote_collector: 正在采集第 44/111 批（40 只股票）
2026-04-28T16:15:29.654335Z  INFO quantix_cli::sources::quote_collector: 正在采集第 45/111 批（40 只股票）
2026-04-28T16:15:29.791440Z  INFO quantix_cli::sources::quote_collector: 正在采集第 46/111 批（40 只股票）
2026-04-28T16:15:29.935916Z  INFO quantix_cli::sources::quote_collector: 正在采集第 47/111 批（40 只股票）
2026-04-28T16:15:30.073639Z  INFO quantix_cli::sources::quote_collector: 正在采集第 48/111 批（40 只股票）
2026-04-28T16:15:30.211102Z  INFO quantix_cli::sources::quote_collector: 正在采集第 49/111 批（40 只股票）
2026-04-28T16:15:30.346733Z  INFO quantix_cli::sources::quote_collector: 正在采集第 50/111 批（40 只股票）
2026-04-28T16:15:30.486069Z  INFO quantix_cli::sources::quote_collector: 正在采集第 51/111 批（40 只股票）
2026-04-28T16:15:30.625202Z  INFO quantix_cli::sources::quote_collector: 正在采集第 52/111 批（40 只股票）
2026-04-28T16:15:30.761734Z  INFO quantix_cli::sources::quote_collector: 正在采集第 53/111 批（40 只股票）
2026-04-28T16:15:30.899539Z  INFO quantix_cli::sources::quote_collector: 正在采集第 54/111 批（40 只股票）
2026-04-28T16:15:31.036466Z  INFO quantix_cli::sources::quote_collector: 正在采集第 55/111 批（40 只股票）
⚠️  行情数据不完整，只解析了 39/40 只股票
2026-04-28T16:15:31.222597Z  INFO quantix_cli::sources::quote_collector: 正在采集第 56/111 批（40 只股票）
2026-04-28T16:15:31.358648Z  INFO quantix_cli::sources::quote_collector: 正在采集第 57/111 批（40 只股票）
2026-04-28T16:15:31.495410Z  INFO quantix_cli::sources::quote_collector: 正在采集第 58/111 批（40 只股票）
2026-04-28T16:15:31.632468Z  INFO quantix_cli::sources::quote_collector: 正在采集第 59/111 批（40 只股票）
2026-04-28T16:15:31.770411Z  INFO quantix_cli::sources::quote_collector: 正在采集第 60/111 批（40 只股票）
2026-04-28T16:15:31.907517Z  INFO quantix_cli::sources::quote_collector: 正在采集第 61/111 批（40 只股票）
2026-04-28T16:15:32.045073Z  INFO quantix_cli::sources::quote_collector: 正在采集第 62/111 批（40 只股票）
2026-04-28T16:15:32.180807Z  INFO quantix_cli::sources::quote_collector: 正在采集第 63/111 批（40 只股票）
2026-04-28T16:15:32.316651Z  INFO quantix_cli::sources::quote_collector: 正在采集第 64/111 批（40 只股票）
2026-04-28T16:15:32.453276Z  INFO quantix_cli::sources::quote_collector: 正在采集第 65/111 批（40 只股票）
2026-04-28T16:15:32.594054Z  INFO quantix_cli::sources::quote_collector: 正在采集第 66/111 批（40 只股票）
2026-04-28T16:15:32.732058Z  INFO quantix_cli::sources::quote_collector: 正在采集第 67/111 批（40 只股票）
2026-04-28T16:15:32.870543Z  INFO quantix_cli::sources::quote_collector: 正在采集第 68/111 批（40 只股票）
⚠️  行情数据不完整，只解析了 39/40 只股票
2026-04-28T16:15:33.007614Z  INFO quantix_cli::sources::quote_collector: 正在采集第 69/111 批（40 只股票）
2026-04-28T16:15:33.142629Z  INFO quantix_cli::sources::quote_collector: 正在采集第 70/111 批（40 只股票）
2026-04-28T16:15:33.304994Z  INFO quantix_cli::sources::quote_collector: 正在采集第 71/111 批（40 只股票）
2026-04-28T16:15:33.442505Z  INFO quantix_cli::sources::quote_collector: 正在采集第 72/111 批（40 只股票）
2026-04-28T16:15:33.582564Z  INFO quantix_cli::sources::quote_collector: 正在采集第 73/111 批（40 只股票）
2026-04-28T16:15:33.721929Z  INFO quantix_cli::sources::quote_collector: 正在采集第 74/111 批（40 只股票）
2026-04-28T16:15:33.857607Z  INFO quantix_cli::sources::quote_collector: 正在采集第 75/111 批（40 只股票）
2026-04-28T16:15:33.993755Z  INFO quantix_cli::sources::quote_collector: 正在采集第 76/111 批（40 只股票）
2026-04-28T16:15:34.129848Z  INFO quantix_cli::sources::quote_collector: 正在采集第 77/111 批（40 只股票）
2026-04-28T16:15:34.266444Z  INFO quantix_cli::sources::quote_collector: 正在采集第 78/111 批（40 只股票）
⚠️  行情数据不完整，只解析了 39/40 只股票
2026-04-28T16:15:34.402238Z  INFO quantix_cli::sources::quote_collector: 正在采集第 79/111 批（40 只股票）
2026-04-28T16:15:34.538225Z  INFO quantix_cli::sources::quote_collector: 正在采集第 80/111 批（40 只股票）
2026-04-28T16:15:34.681877Z  INFO quantix_cli::sources::quote_collector: 正在采集第 81/111 批（40 只股票）
2026-04-28T16:15:34.818452Z  INFO quantix_cli::sources::quote_collector: 正在采集第 82/111 批（40 只股票）
2026-04-28T16:15:34.957282Z  INFO quantix_cli::sources::quote_collector: 正在采集第 83/111 批（40 只股票）
2026-04-28T16:15:35.094583Z  INFO quantix_cli::sources::quote_collector: 正在采集第 84/111 批（40 只股票）
2026-04-28T16:15:35.232131Z  INFO quantix_cli::sources::quote_collector: 正在采集第 85/111 批（40 只股票）
2026-04-28T16:15:35.416917Z  INFO quantix_cli::sources::quote_collector: 正在采集第 86/111 批（40 只股票）
2026-04-28T16:15:35.555911Z  INFO quantix_cli::sources::quote_collector: 正在采集第 87/111 批（40 只股票）
2026-04-28T16:15:35.695780Z  INFO quantix_cli::sources::quote_collector: 正在采集第 88/111 批（40 只股票）
2026-04-28T16:15:35.833056Z  INFO quantix_cli::sources::quote_collector: 正在采集第 89/111 批（40 只股票）
2026-04-28T16:15:35.971384Z  INFO quantix_cli::sources::quote_collector: 正在采集第 90/111 批（40 只股票）
2026-04-28T16:15:36.107319Z  INFO quantix_cli::sources::quote_collector: 正在采集第 91/111 批（40 只股票）
2026-04-28T16:15:36.249023Z  INFO quantix_cli::sources::quote_collector: 正在采集第 92/111 批（40 只股票）
2026-04-28T16:15:36.385130Z  INFO quantix_cli::sources::quote_collector: 正在采集第 93/111 批（40 只股票）
2026-04-28T16:15:36.526846Z  INFO quantix_cli::sources::quote_collector: 正在采集第 94/111 批（40 只股票）
2026-04-28T16:15:36.665935Z  INFO quantix_cli::sources::quote_collector: 正在采集第 95/111 批（40 只股票）
2026-04-28T16:15:36.806224Z  INFO quantix_cli::sources::quote_collector: 正在采集第 96/111 批（40 只股票）
2026-04-28T16:15:36.941825Z  INFO quantix_cli::sources::quote_collector: 正在采集第 97/111 批（40 只股票）
2026-04-28T16:15:37.083047Z  INFO quantix_cli::sources::quote_collector: 正在采集第 98/111 批（40 只股票）
2026-04-28T16:15:37.221975Z  INFO quantix_cli::sources::quote_collector: 正在采集第 99/111 批（40 只股票）
2026-04-28T16:15:37.361387Z  INFO quantix_cli::sources::quote_collector: 正在采集第 100/111 批（40 只股票）
2026-04-28T16:15:37.530860Z  INFO quantix_cli::sources::quote_collector: 正在采集第 101/111 批（40 只股票）
2026-04-28T16:15:37.669069Z  INFO quantix_cli::sources::quote_collector: 正在采集第 102/111 批（40 只股票）
2026-04-28T16:15:37.808008Z  INFO quantix_cli::sources::quote_collector: 正在采集第 103/111 批（40 只股票）
2026-04-28T16:15:37.944900Z  INFO quantix_cli::sources::quote_collector: 正在采集第 104/111 批（40 只股票）
⚠️  行情数据不完整，只解析了 39/40 只股票
2026-04-28T16:15:38.082580Z  INFO quantix_cli::sources::quote_collector: 正在采集第 105/111 批（40 只股票）
2026-04-28T16:15:38.223158Z  INFO quantix_cli::sources::quote_collector: 正在采集第 106/111 批（40 只股票）
2026-04-28T16:15:38.360733Z  INFO quantix_cli::sources::quote_collector: 正在采集第 107/111 批（40 只股票）
2026-04-28T16:15:38.499748Z  INFO quantix_cli::sources::quote_collector: 正在采集第 108/111 批（40 只股票）
2026-04-28T16:15:38.636315Z  INFO quantix_cli::sources::quote_collector: 正在采集第 109/111 批（40 只股票）
2026-04-28T16:15:38.777013Z  INFO quantix_cli::sources::quote_collector: 正在采集第 110/111 批（40 只股票）
2026-04-28T16:15:38.914086Z  INFO quantix_cli::sources::quote_collector: 正在采集第 111/111 批（30 只股票）
2026-04-28T16:15:38.948700Z  INFO quantix_cli::sources::quote_collector: 全市场行情采集完成：共获取 4425 只股票的行情数据
2026-04-28T16:15:38.950281Z  WARN quantix_cli::market::strength: TDX fallback 仅返回部分 A 股实时行情: 4226/4430
2026-04-28T16:15:39.035917Z  INFO quantix_cli::db::clickhouse: ClickHouse 客户端初始化: http://192.168.123.104:8123 -> quantix (user: default)
2026-04-28T16:15:39.118572Z  WARN quantix_cli::market::strength: 市场基础面本地表当前为空，开始尝试 EastMoney 单股基本面 fallback
== 强弱板块分析 ==
基础数据: A股=4226 行业覆盖=4226 未覆盖=0
强势板块候选股数: 195
基本面覆盖: 市值=0/195 利润=0/195
基本面抓取异常: 市值请求失败=195 利润请求失败=195

强势板块:
排名       代码           板块               涨跌幅
--------------------------------------------------------
1        derived:煤炭   煤炭               2.41%
2        derived:石油石化 石油石化             1.24%
3        derived:公用事业 公用事业             0.97%

弱势板块:
排名       代码           板块               涨跌幅
--------------------------------------------------------
31       derived:计算机  计算机              -2.22%
30       derived:社会服务 社会服务             -2.04%
29       derived:有色金属 有色金属             -1.99%

强势板块个股 Top0 总市值:
📭 没有可展示的个股数据

强势板块个股 Top0 推算净利润:
📭 没有可展示的个股数据
