2026-04-28T16:23:04.929431Z  WARN quantix_cli::market::strength: EastMoney A股全市场快照拉取失败，开始尝试 TDX fallback: 其他错误: 获取全市场 A 股列表失败: 其他错误: curl 拉取全市场快照失败: curl: (52) Empty reply from server
2026-04-28T16:23:05.350088Z  INFO quantix_cli::sources::tdx: TDX 数据源初始化成功：3 个 TCP 连接
2026-04-28T16:23:05.350147Z  INFO quantix_cli::sources::quote_collector: 行情采集器初始化：每批 40 只股票，超时 10 秒
2026-04-28T16:23:05.350162Z  INFO quantix_cli::sources::quote_collector: 开始分批采集全市场 4430 只股票的实时行情
2026-04-28T16:23:05.350179Z  INFO quantix_cli::sources::quote_collector: 正在采集第 1/111 批（40 只股票）
2026-04-28T16:23:05.484080Z  INFO quantix_cli::sources::quote_collector: 正在采集第 2/111 批（40 只股票）
2026-04-28T16:23:05.655377Z  INFO quantix_cli::sources::quote_collector: 正在采集第 3/111 批（40 只股票）
2026-04-28T16:23:05.794522Z  INFO quantix_cli::sources::quote_collector: 正在采集第 4/111 批（40 只股票）
2026-04-28T16:23:05.929758Z  INFO quantix_cli::sources::quote_collector: 正在采集第 5/111 批（40 只股票）
2026-04-28T16:23:06.068203Z  INFO quantix_cli::sources::quote_collector: 正在采集第 6/111 批（40 只股票）
2026-04-28T16:23:06.206198Z  INFO quantix_cli::sources::quote_collector: 正在采集第 7/111 批（40 只股票）
2026-04-28T16:23:06.341808Z  INFO quantix_cli::sources::quote_collector: 正在采集第 8/111 批（40 只股票）
2026-04-28T16:23:06.480033Z  INFO quantix_cli::sources::quote_collector: 正在采集第 9/111 批（40 只股票）
2026-04-28T16:23:06.619003Z  INFO quantix_cli::sources::quote_collector: 正在采集第 10/111 批（40 只股票）
2026-04-28T16:23:06.754798Z  INFO quantix_cli::sources::quote_collector: 正在采集第 11/111 批（40 只股票）
2026-04-28T16:23:06.895791Z  INFO quantix_cli::sources::quote_collector: 正在采集第 12/111 批（40 只股票）
2026-04-28T16:23:07.033177Z  INFO quantix_cli::sources::quote_collector: 正在采集第 13/111 批（40 只股票）
2026-04-28T16:23:07.168969Z  INFO quantix_cli::sources::quote_collector: 正在采集第 14/111 批（40 只股票）
2026-04-28T16:23:07.307450Z  INFO quantix_cli::sources::quote_collector: 正在采集第 15/111 批（40 只股票）
2026-04-28T16:23:07.444928Z  INFO quantix_cli::sources::quote_collector: 正在采集第 16/111 批（40 只股票）
2026-04-28T16:23:07.580346Z  INFO quantix_cli::sources::quote_collector: 正在采集第 17/111 批（40 只股票）
2026-04-28T16:23:07.769631Z  INFO quantix_cli::sources::quote_collector: 正在采集第 18/111 批（40 只股票）
2026-04-28T16:23:07.913417Z  INFO quantix_cli::sources::quote_collector: 正在采集第 19/111 批（40 只股票）
2026-04-28T16:23:08.048739Z  INFO quantix_cli::sources::quote_collector: 正在采集第 20/111 批（40 只股票）
⚠️  行情数据不完整，只解析了 39/40 只股票
2026-04-28T16:23:08.191284Z  INFO quantix_cli::sources::quote_collector: 正在采集第 21/111 批（40 只股票）
2026-04-28T16:23:08.330344Z  INFO quantix_cli::sources::quote_collector: 正在采集第 22/111 批（40 只股票）
2026-04-28T16:23:08.465258Z  INFO quantix_cli::sources::quote_collector: 正在采集第 23/111 批（40 只股票）
2026-04-28T16:23:08.605715Z  INFO quantix_cli::sources::quote_collector: 正在采集第 24/111 批（40 只股票）
2026-04-28T16:23:08.746829Z  INFO quantix_cli::sources::quote_collector: 正在采集第 25/111 批（40 只股票）
2026-04-28T16:23:08.881008Z  INFO quantix_cli::sources::quote_collector: 正在采集第 26/111 批（40 只股票）
2026-04-28T16:23:09.019921Z  INFO quantix_cli::sources::quote_collector: 正在采集第 27/111 批（40 只股票）
2026-04-28T16:23:09.157862Z  INFO quantix_cli::sources::quote_collector: 正在采集第 28/111 批（40 只股票）
2026-04-28T16:23:09.294786Z  INFO quantix_cli::sources::quote_collector: 正在采集第 29/111 批（40 只股票）
2026-04-28T16:23:09.434426Z  INFO quantix_cli::sources::quote_collector: 正在采集第 30/111 批（40 只股票）
2026-04-28T16:23:09.575498Z  INFO quantix_cli::sources::quote_collector: 正在采集第 31/111 批（40 只股票）
2026-04-28T16:23:09.713229Z  INFO quantix_cli::sources::quote_collector: 正在采集第 32/111 批（40 只股票）
2026-04-28T16:23:09.885506Z  INFO quantix_cli::sources::quote_collector: 正在采集第 33/111 批（40 只股票）
2026-04-28T16:23:10.023449Z  INFO quantix_cli::sources::quote_collector: 正在采集第 34/111 批（40 只股票）
2026-04-28T16:23:10.158259Z  INFO quantix_cli::sources::quote_collector: 正在采集第 35/111 批（40 只股票）
2026-04-28T16:23:10.297395Z  INFO quantix_cli::sources::quote_collector: 正在采集第 36/111 批（40 只股票）
2026-04-28T16:23:10.437416Z  INFO quantix_cli::sources::quote_collector: 正在采集第 37/111 批（40 只股票）
2026-04-28T16:23:10.572141Z  INFO quantix_cli::sources::quote_collector: 正在采集第 38/111 批（40 只股票）
2026-04-28T16:23:10.715275Z  INFO quantix_cli::sources::quote_collector: 正在采集第 39/111 批（40 只股票）
2026-04-28T16:23:10.853459Z  INFO quantix_cli::sources::quote_collector: 正在采集第 40/111 批（40 只股票）
2026-04-28T16:23:10.988818Z  INFO quantix_cli::sources::quote_collector: 正在采集第 41/111 批（40 只股票）
2026-04-28T16:23:11.127284Z  INFO quantix_cli::sources::quote_collector: 正在采集第 42/111 批（40 只股票）
2026-04-28T16:23:11.263980Z  INFO quantix_cli::sources::quote_collector: 正在采集第 43/111 批（40 只股票）
2026-04-28T16:23:11.400844Z  INFO quantix_cli::sources::quote_collector: 正在采集第 44/111 批（40 只股票）
2026-04-28T16:23:11.539698Z  INFO quantix_cli::sources::quote_collector: 正在采集第 45/111 批（40 只股票）
2026-04-28T16:23:11.678964Z  INFO quantix_cli::sources::quote_collector: 正在采集第 46/111 批（40 只股票）
2026-04-28T16:23:11.817032Z  INFO quantix_cli::sources::quote_collector: 正在采集第 47/111 批（40 只股票）
2026-04-28T16:23:11.996121Z  INFO quantix_cli::sources::quote_collector: 正在采集第 48/111 批（40 只股票）
2026-04-28T16:23:12.134887Z  INFO quantix_cli::sources::quote_collector: 正在采集第 49/111 批（40 只股票）
2026-04-28T16:23:12.269006Z  INFO quantix_cli::sources::quote_collector: 正在采集第 50/111 批（40 只股票）
2026-04-28T16:23:12.409432Z  INFO quantix_cli::sources::quote_collector: 正在采集第 51/111 批（40 只股票）
2026-04-28T16:23:12.547734Z  INFO quantix_cli::sources::quote_collector: 正在采集第 52/111 批（40 只股票）
2026-04-28T16:23:12.681891Z  INFO quantix_cli::sources::quote_collector: 正在采集第 53/111 批（40 只股票）
2026-04-28T16:23:12.821378Z  INFO quantix_cli::sources::quote_collector: 正在采集第 54/111 批（40 只股票）
2026-04-28T16:23:12.959452Z  INFO quantix_cli::sources::quote_collector: 正在采集第 55/111 批（40 只股票）
⚠️  行情数据不完整，只解析了 39/40 只股票
2026-04-28T16:23:13.095845Z  INFO quantix_cli::sources::quote_collector: 正在采集第 56/111 批（40 只股票）
2026-04-28T16:23:13.234567Z  INFO quantix_cli::sources::quote_collector: 正在采集第 57/111 批（40 只股票）
2026-04-28T16:23:13.373829Z  INFO quantix_cli::sources::quote_collector: 正在采集第 58/111 批（40 只股票）
2026-04-28T16:23:13.509528Z  INFO quantix_cli::sources::quote_collector: 正在采集第 59/111 批（40 只股票）
2026-04-28T16:23:13.649830Z  INFO quantix_cli::sources::quote_collector: 正在采集第 60/111 批（40 只股票）
2026-04-28T16:23:13.787204Z  INFO quantix_cli::sources::quote_collector: 正在采集第 61/111 批（40 只股票）
2026-04-28T16:23:13.923114Z  INFO quantix_cli::sources::quote_collector: 正在采集第 62/111 批（40 只股票）
2026-04-28T16:23:14.112298Z  INFO quantix_cli::sources::quote_collector: 正在采集第 63/111 批（40 只股票）
2026-04-28T16:23:14.250349Z  INFO quantix_cli::sources::quote_collector: 正在采集第 64/111 批（40 只股票）
2026-04-28T16:23:14.386723Z  INFO quantix_cli::sources::quote_collector: 正在采集第 65/111 批（40 只股票）
2026-04-28T16:23:14.524896Z  INFO quantix_cli::sources::quote_collector: 正在采集第 66/111 批（40 只股票）
2026-04-28T16:23:14.662661Z  INFO quantix_cli::sources::quote_collector: 正在采集第 67/111 批（40 只股票）
2026-04-28T16:23:14.798388Z  INFO quantix_cli::sources::quote_collector: 正在采集第 68/111 批（40 只股票）
⚠️  行情数据不完整，只解析了 39/40 只股票
2026-04-28T16:23:14.937444Z  INFO quantix_cli::sources::quote_collector: 正在采集第 69/111 批（40 只股票）
2026-04-28T16:23:15.076741Z  INFO quantix_cli::sources::quote_collector: 正在采集第 70/111 批（40 只股票）
2026-04-28T16:23:15.216159Z  INFO quantix_cli::sources::quote_collector: 正在采集第 71/111 批（40 只股票）
2026-04-28T16:23:15.355735Z  INFO quantix_cli::sources::quote_collector: 正在采集第 72/111 批（40 只股票）
2026-04-28T16:23:15.493090Z  INFO quantix_cli::sources::quote_collector: 正在采集第 73/111 批（40 只股票）
2026-04-28T16:23:15.629322Z  INFO quantix_cli::sources::quote_collector: 正在采集第 74/111 批（40 只股票）
2026-04-28T16:23:15.766911Z  INFO quantix_cli::sources::quote_collector: 正在采集第 75/111 批（40 只股票）
2026-04-28T16:23:15.904147Z  INFO quantix_cli::sources::quote_collector: 正在采集第 76/111 批（40 只股票）
2026-04-28T16:23:16.038196Z  INFO quantix_cli::sources::quote_collector: 正在采集第 77/111 批（40 只股票）
2026-04-28T16:23:16.225144Z  INFO quantix_cli::sources::quote_collector: 正在采集第 78/111 批（40 只股票）
⚠️  行情数据不完整，只解析了 39/40 只股票
2026-04-28T16:23:16.363316Z  INFO quantix_cli::sources::quote_collector: 正在采集第 79/111 批（40 只股票）
2026-04-28T16:23:16.498538Z  INFO quantix_cli::sources::quote_collector: 正在采集第 80/111 批（40 只股票）
2026-04-28T16:23:16.637298Z  INFO quantix_cli::sources::quote_collector: 正在采集第 81/111 批（40 只股票）
2026-04-28T16:23:16.775728Z  INFO quantix_cli::sources::quote_collector: 正在采集第 82/111 批（40 只股票）
2026-04-28T16:23:16.910164Z  INFO quantix_cli::sources::quote_collector: 正在采集第 83/111 批（40 只股票）
2026-04-28T16:23:17.051660Z  INFO quantix_cli::sources::quote_collector: 正在采集第 84/111 批（40 只股票）
2026-04-28T16:23:17.189643Z  INFO quantix_cli::sources::quote_collector: 正在采集第 85/111 批（40 只股票）
2026-04-28T16:23:17.326341Z  INFO quantix_cli::sources::quote_collector: 正在采集第 86/111 批（40 只股票）
2026-04-28T16:23:17.466037Z  INFO quantix_cli::sources::quote_collector: 正在采集第 87/111 批（40 只股票）
2026-04-28T16:23:17.605504Z  INFO quantix_cli::sources::quote_collector: 正在采集第 88/111 批（40 只股票）
2026-04-28T16:23:17.740425Z  INFO quantix_cli::sources::quote_collector: 正在采集第 89/111 批（40 只股票）
2026-04-28T16:23:17.878980Z  INFO quantix_cli::sources::quote_collector: 正在采集第 90/111 批（40 只股票）
2026-04-28T16:23:18.021841Z  INFO quantix_cli::sources::quote_collector: 正在采集第 91/111 批（40 只股票）
2026-04-28T16:23:18.156156Z  INFO quantix_cli::sources::quote_collector: 正在采集第 92/111 批（40 只股票）
2026-04-28T16:23:18.340593Z  INFO quantix_cli::sources::quote_collector: 正在采集第 93/111 批（40 只股票）
2026-04-28T16:23:18.478642Z  INFO quantix_cli::sources::quote_collector: 正在采集第 94/111 批（40 只股票）
2026-04-28T16:23:18.613172Z  INFO quantix_cli::sources::quote_collector: 正在采集第 95/111 批（40 只股票）
2026-04-28T16:23:18.753085Z  INFO quantix_cli::sources::quote_collector: 正在采集第 96/111 批（40 只股票）
2026-04-28T16:23:18.893127Z  INFO quantix_cli::sources::quote_collector: 正在采集第 97/111 批（40 只股票）
2026-04-28T16:23:19.027258Z  INFO quantix_cli::sources::quote_collector: 正在采集第 98/111 批（40 只股票）
2026-04-28T16:23:19.166550Z  INFO quantix_cli::sources::quote_collector: 正在采集第 99/111 批（40 只股票）
2026-04-28T16:23:19.304444Z  INFO quantix_cli::sources::quote_collector: 正在采集第 100/111 批（40 只股票）
2026-04-28T16:23:19.439180Z  INFO quantix_cli::sources::quote_collector: 正在采集第 101/111 批（40 只股票）
2026-04-28T16:23:19.578386Z  INFO quantix_cli::sources::quote_collector: 正在采集第 102/111 批（40 只股票）
2026-04-28T16:23:19.716823Z  INFO quantix_cli::sources::quote_collector: 正在采集第 103/111 批（40 只股票）
2026-04-28T16:23:19.852462Z  INFO quantix_cli::sources::quote_collector: 正在采集第 104/111 批（40 只股票）
⚠️  行情数据不完整，只解析了 39/40 只股票
2026-04-28T16:23:19.992516Z  INFO quantix_cli::sources::quote_collector: 正在采集第 105/111 批（40 只股票）
2026-04-28T16:23:20.129960Z  INFO quantix_cli::sources::quote_collector: 正在采集第 106/111 批（40 只股票）
2026-04-28T16:23:20.267471Z  INFO quantix_cli::sources::quote_collector: 正在采集第 107/111 批（40 只股票）
2026-04-28T16:23:20.454871Z  INFO quantix_cli::sources::quote_collector: 正在采集第 108/111 批（40 只股票）
2026-04-28T16:23:20.593258Z  INFO quantix_cli::sources::quote_collector: 正在采集第 109/111 批（40 只股票）
2026-04-28T16:23:20.728064Z  INFO quantix_cli::sources::quote_collector: 正在采集第 110/111 批（40 只股票）
2026-04-28T16:23:20.865826Z  INFO quantix_cli::sources::quote_collector: 正在采集第 111/111 批（30 只股票）
2026-04-28T16:23:20.903192Z  INFO quantix_cli::sources::quote_collector: 全市场行情采集完成：共获取 4425 只股票的行情数据
2026-04-28T16:23:20.904622Z  WARN quantix_cli::market::strength: TDX fallback 仅返回部分 A 股实时行情: 4226/4430
== 市场基础数据 ==
A股总数: 4226
已匹配行业: 4226
未匹配行业: 0
行业数: 31

行业覆盖 Top10:
排名   行业               成分股数
----------------------------------------
1    机械设备             421
2    医药生物             372
3    基础化工             321
4    电子               319
5    电力设备             260
6    计算机              258
7    汽车               217
8    建筑装饰             134
9    传媒               129
10   轻工制造             124
